#
# A fatal error has been detected by the Java Runtime Environment:
#
#  EXCEPTION_ACCESS_VIOLATION (0xc0000005) at pc=0x000001d8bd91c593, pid=11728, tid=11568
#
# JRE version: OpenJDK Runtime Environment (17.0.6) (build 17.0.6+0-b2043.56-10027231)
# Java VM: OpenJDK 64-Bit Server VM (17.0.6+0-b2043.56-10027231, mixed mode, tiered, compressed oops, compressed class ptrs, g1 gc, windows-amd64)
# Problematic frame:
# 
[error occurred during error reporting (printing problematic frame), id 0xc0000005, EXCEPTION_ACCESS_VIOLATION (0xc0000005) at pc=0x00007ff9639f632d]

# No core dump will be written. Minidumps are not enabled by default on client versions of Windows
#
# If you would like to submit a bug report, please visit:
#   https://bugreport.java.com/bugreport/crash.jsp
#

---------------  S U M M A R Y ------------

Command Line: --add-opens=java.base/java.util=ALL-UNNAMED --add-opens=java.base/java.lang=ALL-UNNAMED --add-opens=java.base/java.lang.invoke=ALL-UNNAMED --add-opens=java.prefs/java.util.prefs=ALL-UNNAMED --add-opens=java.base/java.nio.charset=ALL-UNNAMED --add-opens=java.base/java.net=ALL-UNNAMED --add-opens=java.base/java.util.concurrent.atomic=ALL-UNNAMED -Xmx2048m -Dfile.encoding=UTF-8 -Duser.country=US -Duser.language=en -Duser.variant org.gradle.launcher.daemon.bootstrap.GradleDaemon 8.0

Host: Intel(R) Core(TM) i3-3120M CPU @ 2.50GHz, 4 cores, 7G,  Windows 10 , 64 bit Build 19041 (10.0.19041.3155)
Time: Mon Aug 28 17:43:14 2023 Egypt Daylight Time elapsed time: 48.247462 seconds (0d 0h 0m 48s)

---------------  T H R E A D  ---------------

Current thread (0x000001d8cd99e110):  JavaThread "Daemon worker" [_thread_in_Java, id=11568, stack(0x0000008dcbe00000,0x0000008dcbf00000)]

Stack: [0x0000008dcbe00000,0x0000008dcbf00000],  sp=0x0000008dcbef73e8,  free space=988k
Native frames: (J=compiled Java code, j=interpreted, Vv=VM code, C=native code)
C  0x000001d8bd91c593


siginfo: EXCEPTION_ACCESS_VIOLATION (0xc0000005), reading address 0x000001d85a0bc470


Register to memory mapping:

RIP=0x000001d8bd91c593 is at code_begin+115 in an Interpreter codelet
method entry point (kind = zerolocals)  [0x000001d8bd91c520, 0x000001d8bd91c8c0]  928 bytes
RAX=0x000001d8bd9194ec is at code_begin+1100 in an Interpreter codelet
return entry points  [0x000001d8bd9190a0, 0x000001d8bd919b80]  2784 bytes
RBX={method} {0x000001d8da0bca28} 
[error occurred during error reporting (printing register info), id 0xc0000005, EXCEPTION_ACCESS_VIOLATION (0xc0000005) at pc=0x00007ff9639f74a3]

Registers:
RAX=0x000001d8bd9194ec, RBX=0x000001d8da0bca20, RCX=0x0000000000000002, RDX=0x000001d85a0bc458
RSP=0x0000008dcbef73e8, RBP=0x0000008dcbef7400, RSI=0x0000000000000000, RDI=0x0000000000035e9c
R8 =0x0000000000000000, R9 =0x000000008b87f060, R10=0x00007ff963f72ba0, R11=0x000001d8b70da5c0
R12=0x0000000000000000, R13=0x000001d8da0bc9f8, R14=0x0000008dcbef7418, R15=0x000001d8cd99e110
RIP=0x000001d8bd91c593, EFLAGS=0x0000000000010246

Top of Stack: (sp=0x0000008dcbef73e8)
0x0000008dcbef73e8:   000001d8da0bca20 0000000000000000
0x0000008dcbef73f8:   0000008dcbef7410 0000008dcbef7490
0x0000008dcbef7408:   000001d8bd9194ec 000000008f190388
0x0000008dcbef7418:   000000008f1903c8 000000008f1903c8
0x0000008dcbef7428:   000000008b9180d0 000000008f1903b0
0x0000008dcbef7438:   000000008b8ee480 000000008f190388
0x0000008dcbef7448:   0000008dcbef7448 000001d8da0b94da
0x0000008dcbef7458:   0000008dcbef74a8 000001d8da0baf58
0x0000008dcbef7468:   0000000000000000 000000008b87edf0
0x0000008dcbef7478:   000001d8da0b9510 0000008dcbef7410
0x0000008dcbef7488:   0000008dcbef74a0 0000008dcbef74f8
0x0000008dcbef7498:   000001d8bd9194ec 000000008b8ee480
0x0000008dcbef74a8:   000000008f190388 0000008dcbef74b0
0x0000008dcbef74b8:   000001d8da0b8622 0000008dcbef7510
0x0000008dcbef74c8:   000001d8da0bb1e8 0000000000000000
0x0000008dcbef74d8:   000000008b87ee60 000001d8da0b8648 

Instructions: (pc=0x000001d8bd91c593)
0x000001d8bd91c493:   63 f9 7f 00 00 41 ff d2 48 83 c4 08 e9 0d 00 00
0x000001d8bd91c4a3:   00 49 ba e0 90 74 63 f9 7f 00 00 41 ff d2 48 83
0x000001d8bd91c4b3:   c4 20 49 c7 87 88 02 00 00 00 00 00 00 49 c7 87
0x000001d8bd91c4c3:   98 02 00 00 00 00 00 00 49 c7 87 90 02 00 00 00
0x000001d8bd91c4d3:   00 00 00 c5 f8 77 49 81 7f 08 00 00 00 00 0f 84
0x000001d8bd91c4e3:   05 00 00 00 e9 14 4a ff ff 4c 8b 6d c0 4c 8b 75
0x000001d8bd91c4f3:   c8 c3 66 66 90 00 00 00 00 00 00 00 00 70 3f d9
0x000001d8bd91c503:   63 f9 7f 00 00 c0 03 00 00 ff ff ff ff 00 00 00
0x000001d8bd91c513:   00 00 00 00 00 00 00 00 00 00 00 00 00 48 8b 53
0x000001d8bd91c523:   08 0f b7 4a 2c 0f b7 52 2a 2b d1 81 fa f5 01 00
0x000001d8bd91c533:   00 0f 86 25 00 00 00 48 8b c2 48 c1 e0 03 48 83
0x000001d8bd91c543:   c0 58 49 03 87 b0 03 00 00 48 3b e0 0f 87 0a 00
0x000001d8bd91c553:   00 00 58 49 8b e5 50 e9 21 c3 ff ff 58 4c 8d 74
0x000001d8bd91c563:   cc f8 85 d2 0f 8e 09 00 00 00 68 00 00 00 00 ff
0x000001d8bd91c573:   ca 7f f7 50 55 48 8b ec 41 55 68 00 00 00 00 4c
0x000001d8bd91c583:   8b 6b 08 4d 8d 6d 30 53 48 8b 53 08 48 8b 52 08
0x000001d8bd91c593:   48 8b 52 18 48 8b 52 70 48 8b 12 52 48 8b 53 10
0x000001d8bd91c5a3:   48 85 d2 0f 84 07 00 00 00 48 81 c2 08 01 00 00
0x000001d8bd91c5b3:   52 48 8b 53 08 48 8b 52 08 48 8b 52 10 52 41 56
0x000001d8bd91c5c3:   41 55 68 00 00 00 00 48 89 24 24 41 c6 87 69 03
0x000001d8bd91c5d3:   00 00 01 48 8b 45 d8 48 85 c0 0f 84 84 00 00 00
0x000001d8bd91c5e3:   8b 48 fc 85 c9 0f 88 79 00 00 00 48 03 c1 48 8b
0x000001d8bd91c5f3:   48 08 48 83 e9 02 48 8b 54 c8 10 48 f7 da 49 8b
0x000001d8bd91c603:   14 d6 48 85 d2 75 08 48 83 4c c8 18 01 eb 4f 8b
0x000001d8bd91c613:   52 08 48 c1 e2 03 48 33 54 c8 18 48 f7 c2 fc ff
0x000001d8bd91c623:   ff ff 74 3a 48 f7 c2 02 00 00 00 75 31 48 81 7c
0x000001d8bd91c633:   c8 18 00 00 00 00 74 21 48 81 7c c8 18 01 00 00
0x000001d8bd91c643:   00 74 16 48 33 54 c8 18 48 f7 c2 fc ff ff ff 74
0x000001d8bd91c653:   0d 48 83 4c c8 18 02 eb 05 48 89 54 c8 18 48 83
0x000001d8bd91c663:   e9 02 79 92 48 8b 43 10 48 85 c0 74 20 8b 88 cc
0x000001d8bd91c673:   00 00 00 83 c1 02 89 88 cc 00 00 00 23 88 e0 00
0x000001d8bd91c683:   00 00 0f 84 78 01 00 00 e9 d1 00 00 00 48 8b 43 


Stack slot to memory mapping:
stack at sp + 0 slots: {method} {0x000001d8da0bca28} 
[error occurred during error reporting (inspecting top of stack), id 0xc0000005, EXCEPTION_ACCESS_VIOLATION (0xc0000005) at pc=0x00007ff9639f74a3]

method entry point (kind = zerolocals)  [0x000001d8bd91c520, 0x000001d8bd91c8c0]  928 bytes
[MachCode]
  0x000001d8bd91c520: 488b 5308 | 0fb7 4a2c | 0fb7 522a | 2bd1 81fa | f501 0000 | 0f86 2500 | 0000 488b | c248 c1e0 
  0x000001d8bd91c540: 0348 83c0 | 5849 0387 | b003 0000 | 483b e00f | 870a 0000 | 0058 498b | e550 e921 | c3ff ff58 
  0x000001d8bd91c560: 4c8d 74cc | f885 d20f | 8e09 0000 | 0068 0000 | 0000 ffca | 7ff7 5055 | 488b ec41 | 5568 0000 
  0x000001d8bd91c580: 0000 4c8b | 6b08 4d8d | 6d30 5348 | 8b53 0848 | 8b52 0848 | 8b52 1848 | 8b52 7048 | 8b12 5248 
  0x000001d8bd91c5a0: 8b53 1048 | 85d2 0f84 | 0700 0000 | 4881 c208 | 0100 0052 | 488b 5308 | 488b 5208 | 488b 5210 
  0x000001d8bd91c5c0: 5241 5641 | 5568 0000 | 0000 4889 | 2424 41c6 | 8769 0300 | 0001 488b | 45d8 4885 | c00f 8484 
  0x000001d8bd91c5e0: 0000 008b | 48fc 85c9 | 0f88 7900 | 0000 4803 | c148 8b48 | 0848 83e9 | 0248 8b54 | c810 48f7 
  0x000001d8bd91c600: da49 8b14 | d648 85d2 | 7508 4883 | 4cc8 1801 | eb4f 8b52 | 0848 c1e2 | 0348 3354 | c818 48f7 
  0x000001d8bd91c620: c2fc ffff | ff74 3a48 | f7c2 0200 | 0000 7531 | 4881 7cc8 | 1800 0000 | 0074 2148 | 817c c818 
  0x000001d8bd91c640: 0100 0000 | 7416 4833 | 54c8 1848 | f7c2 fcff | ffff 740d | 4883 4cc8 | 1802 eb05 | 4889 54c8 
  0x000001d8bd91c660: 1848 83e9 | 0279 9248 | 8b43 1048 | 85c0 7420 | 8b88 cc00 | 0000 83c1 | 0289 88cc | 0000 0023 
  0x000001d8bd91c680: 88e0 0000 | 000f 8478 | 0100 00e9 | d100 0000 | 488b 4318 | 4885 c00f | 85b2 0000 | 00e8 0500 
  0x000001d8bd91c6a0: 0000 e99b | 0000 0048 | 8bd3 488d | 4424 084c | 896d c049 | 8bcf c5f8 | 7749 89af | 9802 0000 
  0x000001d8bd91c6c0: 4989 8788 | 0200 0048 | 83ec 20f7 | c40f 0000 | 000f 841a | 0000 0048 | 83ec 0849 | bab0 4b74 
  0x000001d8bd91c6e0: 63f9 7f00 | 0041 ffd2 | 4883 c408 | e90d 0000 | 0049 bab0 | 4b74 63f9 | 7f00 0041 | ffd2 4883 
  0x000001d8bd91c700: c420 49c7 | 8788 0200 | 0000 0000 | 0049 c787 | 9802 0000 | 0000 0000 | 49c7 8790 | 0200 0000 
  0x000001d8bd91c720: 0000 00c5 | f877 4981 | 7f08 0000 | 0000 0f84 | 0500 0000 | e9c7 47ff | ff4c 8b6d | c04c 8b75 
  0x000001d8bd91c740: c8c3 488b | 4318 4885 | c00f 8412 | 0000 008b | 4808 83c1 | 0289 4808 | 2348 200f | 84a2 0000 
  0x000001d8bd91c760: 0089 8424 | 00f0 ffff | 8984 2400 | e0ff ff89 | 8424 00d0 | ffff 8984 | 2400 c0ff | ff89 8424 
  0x000001d8bd91c780: 00b0 ffff | 8984 2400 | a0ff ff89 | 8424 0090 | ffff 41c6 | 8769 0300 | 0000 49ba | ae09 f563 
  0x000001d8bd91c7a0: f97f 0000 | 4180 3a00 | 0f84 4200 | 0000 488b | 55e8 498b | cf48 83ec | 20f7 c40f | 0000 000f 
  0x000001d8bd91c7c0: 841a 0000 | 0048 83ec | 0849 ba90 | 9aaa 63f9 | 7f00 0041 | ffd2 4883 | c408 e90d | 0000 0049 
  0x000001d8bd91c7e0: ba90 9aaa | 63f9 7f00 | 0041 ffd2 | 4883 c420 | 410f b65d | 0049 ba90 | 74f7 63f9 | 7f00 0041 
  0x000001d8bd91c800: ff24 daba | 0000 0000 | e805 0000 | 00e9 9800 | 0000 488d | 4424 084c | 896d c049 | 8bcf c5f8 
  0x000001d8bd91c820: 7749 89af | 9802 0000 | 4989 8788 | 0200 0048 | 83ec 20f7 | c40f 0000 | 000f 841a | 0000 0048 
  0x000001d8bd91c840: 83ec 0849 | ba90 5674 | 63f9 7f00 | 0041 ffd2 | 4883 c408 | e90d 0000 | 0049 ba90 | 5674 63f9 
  0x000001d8bd91c860: 7f00 0041 | ffd2 4883 | c420 49c7 | 8788 0200 | 0000 0000 | 0049 c787 | 9802 0000 | 0000 0000 
  0x000001d8bd91c880: 49c7 8790 | 0200 0000 | 0000 00c5 | f877 4981 | 7f08 0000 | 0000 0f84 | 0500 0000 | e95f 46ff 
  0x000001d8bd91c8a0: ff4c 8b6d | c04c 8b75 | c8c3 488b | 5de8 e9ae | feff ff0f | 1f44 0000 | 0000 0000 | 0000 0000 
[/MachCode]

---------------  P R O C E S S  ---------------

Threads class SMR info:
_java_thread_list=0x000001d8cfcee060, length=88, elements={
0x000001d8b2f0c150, 0x000001d8cc4c2b00, 0x000001d8cc4c4890, 0x000001d8cc4e87c0,
0x000001d8cd014620, 0x000001d8cd016ef0, 0x000001d8cd0187c0, 0x000001d8cd0193b0,
0x000001d8cd021cc0, 0x000001d8cd038290, 0x000001d8cd18f130, 0x000001d8cd18f600,
0x000001d8ce0f39b0, 0x000001d8ce093030, 0x000001d8ce700780, 0x000001d8cd2c73f0,
0x000001d8cd7b4100, 0x000001d8cd32e750, 0x000001d8cd99e110, 0x000001d8ce8f5690,
0x000001d8ce8f6ea0, 0x000001d8ce8f7370, 0x000001d8ce8f7840, 0x000001d8ce8f4cf0,
0x000001d8ce8f5b60, 0x000001d8ce8f6500, 0x000001d8ce8f3e80, 0x000001d8ce8f6030,
0x000001d8ce8f4350, 0x000001d8ce8f4820, 0x000001d8ce8f69d0, 0x000001d8cffdf680,
0x000001d8cffdd9a0, 0x000001d8cffdde70, 0x000001d8cffdc190, 0x000001d8cffdd4d0,
0x000001d8cffdb7f0, 0x000001d8cffe09c0, 0x000001d8cffe0020, 0x000001d8cffdf1b0,
0x000001d8cffe0e90, 0x000001d8cffe1830, 0x000001d8cffe1d00, 0x000001d8cffdcb30,
0x000001d8cffdd000, 0x000001d8cffe21d0, 0x000001d8cffe26a0, 0x000001d8cffe2b70,
0x000001d8cffdb320, 0x000001d8cfa90c30, 0x000001d8cfa945f0, 0x000001d8cfa8fdc0,
0x000001d8cfa8ea80, 0x000001d8cfa8e5b0, 0x000001d8cfa8dc10, 0x000001d8cfa8d740,
0x000001d8cfa8ef50, 0x000001d8cfa8f420, 0x000001d8cfa93c50, 0x000001d8cfa93780,
0x000001d8cfa90290, 0x000001d8cfa8f8f0, 0x000001d8cfa92910, 0x000001d8cfa90760,
0x000001d8cfa94120, 0x000001d8cfa8e0e0, 0x000001d8cfa932b0, 0x000001d8cfa91100,
0x000001d8cfa915d0, 0x000001d8cfa94ac0, 0x000001d8cfa91aa0, 0x000001d8cfa92de0,
0x000001d8cfa91f70, 0x000001d8cfa92440, 0x000001d8cfa94f90, 0x000001d8ce234ad0,
0x000001d8ce2332c0, 0x000001d8ce237fc0, 0x000001d8ce2367b0, 0x000001d8ce232920,
0x000001d8ce234fa0, 0x000001d8ce238e30, 0x000001d8ce235470, 0x000001d8ce239300,
0x000001d8ce23a170, 0x000001d8ce237150, 0x000001d8ce235e10, 0x000001d8cd61a1e0
}

Java Threads: ( => current thread )
  0x000001d8b2f0c150 JavaThread "main" [_thread_blocked, id=5256, stack(0x0000008dca200000,0x0000008dca300000)]
  0x000001d8cc4c2b00 JavaThread "Reference Handler" daemon [_thread_blocked, id=13544, stack(0x0000008dca900000,0x0000008dcaa00000)]
  0x000001d8cc4c4890 JavaThread "Finalizer" daemon [_thread_blocked, id=13280, stack(0x0000008dcaa00000,0x0000008dcab00000)]
  0x000001d8cc4e87c0 JavaThread "Signal Dispatcher" daemon [_thread_blocked, id=9460, stack(0x0000008dcab00000,0x0000008dcac00000)]
  0x000001d8cd014620 JavaThread "Attach Listener" daemon [_thread_blocked, id=15768, stack(0x0000008dcac00000,0x0000008dcad00000)]
  0x000001d8cd016ef0 JavaThread "Service Thread" daemon [_thread_blocked, id=3552, stack(0x0000008dcad00000,0x0000008dcae00000)]
  0x000001d8cd0187c0 JavaThread "Monitor Deflation Thread" daemon [_thread_blocked, id=4484, stack(0x0000008dcae00000,0x0000008dcaf00000)]
  0x000001d8cd0193b0 JavaThread "C2 CompilerThread0" daemon [_thread_in_native, id=13240, stack(0x0000008dcaf00000,0x0000008dcb000000)]
  0x000001d8cd021cc0 JavaThread "C1 CompilerThread0" daemon [_thread_blocked, id=3100, stack(0x0000008dcb000000,0x0000008dcb100000)]
  0x000001d8cd038290 JavaThread "Sweeper thread" daemon [_thread_blocked, id=2256, stack(0x0000008dcb100000,0x0000008dcb200000)]
  0x000001d8cd18f130 JavaThread "Common-Cleaner" daemon [_thread_blocked, id=7012, stack(0x0000008dcb200000,0x0000008dcb300000)]
  0x000001d8cd18f600 JavaThread "Notification Thread" daemon [_thread_blocked, id=14396, stack(0x0000008dcb300000,0x0000008dcb400000)]
  0x000001d8ce0f39b0 JavaThread "Daemon health stats" [_thread_blocked, id=7272, stack(0x0000008dcb700000,0x0000008dcb800000)]
  0x000001d8ce093030 JavaThread "Incoming local TCP Connector on port 59730" [_thread_in_native, id=15184, stack(0x0000008dcb900000,0x0000008dcba00000)]
  0x000001d8ce700780 JavaThread "Daemon periodic checks" [_thread_blocked, id=13992, stack(0x0000008dcba00000,0x0000008dcbb00000)]
  0x000001d8cd2c73f0 JavaThread "Daemon" [_thread_blocked, id=7948, stack(0x0000008dcbb00000,0x0000008dcbc00000)]
  0x000001d8cd7b4100 JavaThread "Handler for socket connection from /127.0.0.1:59730 to /127.0.0.1:59731" [_thread_in_native, id=7672, stack(0x0000008dcbc00000,0x0000008dcbd00000)]
  0x000001d8cd32e750 JavaThread "Cancel handler" [_thread_blocked, id=9684, stack(0x0000008dcbd00000,0x0000008dcbe00000)]
=>0x000001d8cd99e110 JavaThread "Daemon worker" [_thread_in_Java, id=11568, stack(0x0000008dcbe00000,0x0000008dcbf00000)]
  0x000001d8ce8f5690 JavaThread "Asynchronous log dispatcher for DefaultDaemonConnection: socket connection from /127.0.0.1:59730 to /127.0.0.1:59731" [_thread_blocked, id=15508, stack(0x0000008dcbf00000,0x0000008dcc000000)]
  0x000001d8ce8f6ea0 JavaThread "Stdin handler" [_thread_blocked, id=11464, stack(0x0000008dcc000000,0x0000008dcc100000)]
  0x000001d8ce8f7370 JavaThread "Daemon client event forwarder" [_thread_blocked, id=4736, stack(0x0000008dcc100000,0x0000008dcc200000)]
  0x000001d8ce8f7840 JavaThread "Cache worker for journal cache (C:\Users\AMohammed1651\.gradle\caches\journal-1)" [_thread_blocked, id=15944, stack(0x0000008dcc200000,0x0000008dcc300000)]
  0x000001d8ce8f4cf0 JavaThread "File lock request listener" [_thread_in_native, id=9876, stack(0x0000008dcc300000,0x0000008dcc400000)]
  0x000001d8ce8f5b60 JavaThread "Cache worker for file hash cache (C:\Users\AMohammed1651\.gradle\caches\8.0\fileHashes)" [_thread_blocked, id=2808, stack(0x0000008dcc400000,0x0000008dcc500000)]
  0x000001d8ce8f6500 JavaThread "File watcher server" daemon [_thread_in_native, id=772, stack(0x0000008dcc600000,0x0000008dcc700000)]
  0x000001d8ce8f3e80 JavaThread "File watcher consumer" daemon [_thread_blocked, id=7700, stack(0x0000008dcc700000,0x0000008dcc800000)]
  0x000001d8ce8f6030 JavaThread "jar transforms" [_thread_blocked, id=1384, stack(0x0000008dcc800000,0x0000008dcc900000)]
  0x000001d8ce8f4350 JavaThread "jar transforms Thread 2" [_thread_blocked, id=14952, stack(0x0000008dcc900000,0x0000008dcca00000)]
  0x000001d8ce8f4820 JavaThread "jar transforms Thread 3" [_thread_blocked, id=2792, stack(0x0000008dcca00000,0x0000008dccb00000)]
  0x000001d8ce8f69d0 JavaThread "jar transforms Thread 4" [_thread_blocked, id=12904, stack(0x0000008dccb00000,0x0000008dccc00000)]
  0x000001d8cffdf680 JavaThread "Cache worker for checksums cache (D:\currency\.gradle\8.0\checksums)" [_thread_blocked, id=10408, stack(0x0000008dccc00000,0x0000008dccd00000)]
  0x000001d8cffdd9a0 JavaThread "Cache worker for cache directory md-rule (C:\Users\AMohammed1651\.gradle\caches\8.0\md-rule)" [_thread_blocked, id=4860, stack(0x0000008dccd00000,0x0000008dcce00000)]
  0x000001d8cffdde70 JavaThread "Cache worker for file content cache (C:\Users\AMohammed1651\.gradle\caches\8.0\fileContent)" [_thread_blocked, id=5960, stack(0x0000008dcce00000,0x0000008dccf00000)]
  0x000001d8cffdc190 JavaThread "Cache worker for file hash cache (D:\currency\.gradle\8.0\fileHashes)" [_thread_blocked, id=14092, stack(0x0000008dccf00000,0x0000008dcd000000)]
  0x000001d8cffdd4d0 JavaThread "Cache worker for cache directory md-supplier (C:\Users\AMohammed1651\.gradle\caches\8.0\md-supplier)" [_thread_blocked, id=16036, stack(0x0000008dcd000000,0x0000008dcd100000)]
  0x000001d8cffdb7f0 JavaThread "Cache worker for execution history cache (C:\Users\AMohammed1651\.gradle\caches\8.0\executionHistory)" [_thread_blocked, id=11448, stack(0x0000008dcd100000,0x0000008dcd200000)]
  0x000001d8cffe09c0 JavaThread "Cache worker for dependencies-accessors (D:\currency\.gradle\8.0\dependencies-accessors)" [_thread_blocked, id=14432, stack(0x0000008dcd200000,0x0000008dcd300000)]
  0x000001d8cffe0020 JavaThread "Cache worker for Build Output Cleanup Cache (D:\currency\.gradle\buildOutputCleanup)" [_thread_blocked, id=16232, stack(0x0000008dcd300000,0x0000008dcd400000)]
  0x000001d8cffdf1b0 JavaThread "Unconstrained build operations" [_thread_blocked, id=14520, stack(0x0000008dcd400000,0x0000008dcd500000)]
  0x000001d8cffe0e90 JavaThread "Unconstrained build operations Thread 2" [_thread_blocked, id=2504, stack(0x0000008dcd500000,0x0000008dcd600000)]
  0x000001d8cffe1830 JavaThread "Unconstrained build operations Thread 3" [_thread_blocked, id=3176, stack(0x0000008dcd600000,0x0000008dcd700000)]
  0x000001d8cffe1d00 JavaThread "Unconstrained build operations Thread 4" [_thread_blocked, id=14632, stack(0x0000008dcd700000,0x0000008dcd800000)]
  0x000001d8cffdcb30 JavaThread "Unconstrained build operations Thread 5" [_thread_blocked, id=7784, stack(0x0000008dcd800000,0x0000008dcd900000)]
  0x000001d8cffdd000 JavaThread "Unconstrained build operations Thread 6" [_thread_blocked, id=13220, stack(0x0000008dcd900000,0x0000008dcda00000)]
  0x000001d8cffe21d0 JavaThread "Unconstrained build operations Thread 7" [_thread_blocked, id=11720, stack(0x0000008dcda00000,0x0000008dcdb00000)]
  0x000001d8cffe26a0 JavaThread "Unconstrained build operations Thread 8" [_thread_blocked, id=13480, stack(0x0000008dcdb00000,0x0000008dcdc00000)]
  0x000001d8cffe2b70 JavaThread "Unconstrained build operations Thread 9" [_thread_blocked, id=5412, stack(0x0000008dcdc00000,0x0000008dcdd00000)]
  0x000001d8cffdb320 JavaThread "Unconstrained build operations Thread 10" [_thread_blocked, id=14284, stack(0x0000008dcdd00000,0x0000008dcde00000)]
  0x000001d8cfa90c30 JavaThread "Unconstrained build operations Thread 11" [_thread_blocked, id=14732, stack(0x0000008dcde00000,0x0000008dcdf00000)]
  0x000001d8cfa945f0 JavaThread "Unconstrained build operations Thread 12" [_thread_blocked, id=1492, stack(0x0000008dcdf00000,0x0000008dce000000)]
  0x000001d8cfa8fdc0 JavaThread "Unconstrained build operations Thread 13" [_thread_blocked, id=3384, stack(0x0000008dce000000,0x0000008dce100000)]
  0x000001d8cfa8ea80 JavaThread "Unconstrained build operations Thread 14" [_thread_blocked, id=7404, stack(0x0000008dce100000,0x0000008dce200000)]
  0x000001d8cfa8e5b0 JavaThread "Unconstrained build operations Thread 15" [_thread_blocked, id=3404, stack(0x0000008dce200000,0x0000008dce300000)]
  0x000001d8cfa8dc10 JavaThread "Unconstrained build operations Thread 16" [_thread_blocked, id=8772, stack(0x0000008dce300000,0x0000008dce400000)]
  0x000001d8cfa8d740 JavaThread "Unconstrained build operations Thread 17" [_thread_blocked, id=12184, stack(0x0000008dce400000,0x0000008dce500000)]
  0x000001d8cfa8ef50 JavaThread "Unconstrained build operations Thread 18" [_thread_blocked, id=11772, stack(0x0000008dce500000,0x0000008dce600000)]
  0x000001d8cfa8f420 JavaThread "Unconstrained build operations Thread 19" [_thread_blocked, id=15100, stack(0x0000008dce600000,0x0000008dce700000)]
  0x000001d8cfa93c50 JavaThread "Unconstrained build operations Thread 20" [_thread_blocked, id=12004, stack(0x0000008dce700000,0x0000008dce800000)]
  0x000001d8cfa93780 JavaThread "Unconstrained build operations Thread 21" [_thread_blocked, id=8628, stack(0x0000008dce800000,0x0000008dce900000)]
  0x000001d8cfa90290 JavaThread "Unconstrained build operations Thread 22" [_thread_blocked, id=9296, stack(0x0000008dce900000,0x0000008dcea00000)]
  0x000001d8cfa8f8f0 JavaThread "Unconstrained build operations Thread 23" [_thread_blocked, id=7380, stack(0x0000008dcea00000,0x0000008dceb00000)]
  0x000001d8cfa92910 JavaThread "Unconstrained build operations Thread 24" [_thread_blocked, id=5884, stack(0x0000008dceb00000,0x0000008dcec00000)]
  0x000001d8cfa90760 JavaThread "Unconstrained build operations Thread 25" [_thread_blocked, id=10544, stack(0x0000008dcec00000,0x0000008dced00000)]
  0x000001d8cfa94120 JavaThread "Unconstrained build operations Thread 26" [_thread_blocked, id=7692, stack(0x0000008dced00000,0x0000008dcee00000)]
  0x000001d8cfa8e0e0 JavaThread "Unconstrained build operations Thread 27" [_thread_blocked, id=3232, stack(0x0000008dcee00000,0x0000008dcef00000)]
  0x000001d8cfa932b0 JavaThread "Unconstrained build operations Thread 28" [_thread_blocked, id=13784, stack(0x0000008dcef00000,0x0000008dcf000000)]
  0x000001d8cfa91100 JavaThread "Unconstrained build operations Thread 29" [_thread_blocked, id=10868, stack(0x0000008dcf000000,0x0000008dcf100000)]
  0x000001d8cfa915d0 JavaThread "Unconstrained build operations Thread 30" [_thread_blocked, id=1548, stack(0x0000008dcf100000,0x0000008dcf200000)]
  0x000001d8cfa94ac0 JavaThread "Unconstrained build operations Thread 31" [_thread_blocked, id=16108, stack(0x0000008dcf200000,0x0000008dcf300000)]
  0x000001d8cfa91aa0 JavaThread "Unconstrained build operations Thread 32" [_thread_blocked, id=10220, stack(0x0000008dcf300000,0x0000008dcf400000)]
  0x000001d8cfa92de0 JavaThread "Unconstrained build operations Thread 33" [_thread_blocked, id=11540, stack(0x0000008dcf400000,0x0000008dcf500000)]
  0x000001d8cfa91f70 JavaThread "Unconstrained build operations Thread 34" [_thread_blocked, id=8280, stack(0x0000008dcf500000,0x0000008dcf600000)]
  0x000001d8cfa92440 JavaThread "Unconstrained build operations Thread 35" [_thread_blocked, id=15720, stack(0x0000008dcf600000,0x0000008dcf700000)]
  0x000001d8cfa94f90 JavaThread "Unconstrained build operations Thread 36" [_thread_blocked, id=14860, stack(0x0000008dcf700000,0x0000008dcf800000)]
  0x000001d8ce234ad0 JavaThread "Unconstrained build operations Thread 37" [_thread_blocked, id=5392, stack(0x0000008dcf800000,0x0000008dcf900000)]
  0x000001d8ce2332c0 JavaThread "Unconstrained build operations Thread 38" [_thread_blocked, id=4500, stack(0x0000008dcf900000,0x0000008dcfa00000)]
  0x000001d8ce237fc0 JavaThread "Unconstrained build operations Thread 39" [_thread_blocked, id=2356, stack(0x0000008dcfa00000,0x0000008dcfb00000)]
  0x000001d8ce2367b0 JavaThread "Unconstrained build operations Thread 40" [_thread_blocked, id=11536, stack(0x0000008dcfb00000,0x0000008dcfc00000)]
  0x000001d8ce232920 JavaThread "Memory manager" [_thread_blocked, id=9776, stack(0x0000008dcfc00000,0x0000008dcfd00000)]
  0x000001d8ce234fa0 JavaThread "pool-3-thread-1" [_thread_blocked, id=16116, stack(0x0000008dcc500000,0x0000008dcc600000)]
  0x000001d8ce238e30 JavaThread "included builds" [_thread_blocked, id=3632, stack(0x0000008dcfd00000,0x0000008dcfe00000)]
  0x000001d8ce235470 JavaThread "Execution worker" [_thread_blocked, id=15640, stack(0x0000008dcfe00000,0x0000008dcff00000)]
  0x000001d8ce239300 JavaThread "Execution worker Thread 2" [_thread_blocked, id=1680, stack(0x0000008dcff00000,0x0000008dd0000000)]
  0x000001d8ce23a170 JavaThread "Execution worker Thread 3" [_thread_blocked, id=12856, stack(0x0000008dd0000000,0x0000008dd0100000)]
  0x000001d8ce237150 JavaThread "Cache worker for execution history cache (D:\currency\.gradle\8.0\executionHistory)" [_thread_blocked, id=500, stack(0x0000008dd0100000,0x0000008dd0200000)]
  0x000001d8ce235e10 JavaThread "idea-tooling-model-converter" [_thread_blocked, id=11160, stack(0x0000008dd0200000,0x0000008dd0300000)]
  0x000001d8cd61a1e0 JavaThread "C2 CompilerThread1" daemon [_thread_in_native, id=3916, stack(0x0000008dc9f00000,0x0000008dca000000)]

Other Threads:
  0x000001d8cc4bfee0 VMThread "VM Thread" [stack: 0x0000008dca800000,0x0000008dca900000] [id=8336]
  0x000001d8b2f876e0 WatcherThread [stack: 0x0000008dcb400000,0x0000008dcb500000] [id=6292]
  0x000001d8b2f695b0 GCTaskThread "GC Thread#0" [stack: 0x0000008dca300000,0x0000008dca400000] [id=4956]
  0x000001d8cd47b840 GCTaskThread "GC Thread#1" [stack: 0x0000008dcb500000,0x0000008dcb600000] [id=14384]
  0x000001d8cd4ff440 GCTaskThread "GC Thread#2" [stack: 0x0000008dcb600000,0x0000008dcb700000] [id=4676]
  0x000001d8cdeeb040 GCTaskThread "GC Thread#3" [stack: 0x0000008dcb800000,0x0000008dcb900000] [id=2748]
  0x000001d8b2f7aba0 ConcurrentGCThread "G1 Main Marker" [stack: 0x0000008dca400000,0x0000008dca500000] [id=8580]
  0x000001d8b2f7b4c0 ConcurrentGCThread "G1 Conc#0" [stack: 0x0000008dca500000,0x0000008dca600000] [id=10596]
  0x000001d8cc3320b0 ConcurrentGCThread "G1 Refine#0" [stack: 0x0000008dca600000,0x0000008dca700000] [id=1116]
  0x000001d8cc332880 ConcurrentGCThread "G1 Service" [stack: 0x0000008dca700000,0x0000008dca800000] [id=9908]

Threads with active compile tasks:
C2 CompilerThread0    48317 11776       4       org.gradle.tooling.internal.adapter.ProtocolToModelAdapter$InvocationHandlerImpl::invoke (176 bytes)
C2 CompilerThread1    48317 11795       4       org.gradle.tooling.internal.adapter.ProtocolToModelAdapter$SafeMethodInvoker::invoke (118 bytes)

VM state: not at safepoint (normal execution)

VM Mutex/Monitor currently owned by a thread: None

Heap address: 0x0000000080000000, size: 2048 MB, Compressed Oops mode: 32-bit

CDS archive(s) not mapped
Compressed class space mapped at: 0x0000000100000000-0x0000000140000000, reserved size: 1073741824
Narrow klass base: 0x0000000000000000, Narrow klass shift: 3, Narrow klass range: 0x140000000

GC Precious Log:
 CPUs: 4 total, 4 available
 Memory: 8083M
 Large Page Support: Disabled
 NUMA Support: Disabled
 Compressed Oops: Enabled (32-bit)
 Heap Region Size: 1M
 Heap Min Capacity: 8M
 Heap Initial Capacity: 128M
 Heap Max Capacity: 2G
 Pre-touch: Disabled
 Parallel Workers: 4
 Concurrent Workers: 1
 Concurrent Refinement Workers: 4
 Periodic GC: Disabled

Heap:
 garbage-first heap   total 247808K, used 152991K [0x0000000080000000, 0x0000000100000000)
  region size 1024K, 7 young (7168K), 5 survivors (5120K)
 Metaspace       used 104901K, committed 105664K, reserved 1146880K
  class space    used 13930K, committed 14272K, reserved 1048576K

Heap Regions: E=young(eden), S=young(survivor), O=old, HS=humongous(starts), HC=humongous(continues), CS=collection set, F=free, OA=open archive, CA=closed archive, TAMS=top-at-mark-start (previous, next)
|   0|0x0000000080000000, 0x0000000080100000, 0x0000000080100000|100%| O|  |TAMS 0x0000000080100000, 0x0000000080000000| Untracked 
|   1|0x0000000080100000, 0x0000000080200000, 0x0000000080200000|100%| O|  |TAMS 0x0000000080200000, 0x0000000080100000| Untracked 
|   2|0x0000000080200000, 0x0000000080300000, 0x0000000080300000|100%|HS|  |TAMS 0x0000000080300000, 0x0000000080200000| Complete 
|   3|0x0000000080300000, 0x0000000080400000, 0x0000000080400000|100%|HC|  |TAMS 0x0000000080400000, 0x0000000080300000| Complete 
|   4|0x0000000080400000, 0x0000000080500000, 0x0000000080500000|100%|HC|  |TAMS 0x0000000080500000, 0x0000000080400000| Complete 
|   5|0x0000000080500000, 0x0000000080600000, 0x0000000080600000|100%|HC|  |TAMS 0x0000000080600000, 0x0000000080500000| Complete 
|   6|0x0000000080600000, 0x0000000080700000, 0x0000000080700000|100%| O|  |TAMS 0x0000000080700000, 0x0000000080600000| Untracked 
|   7|0x0000000080700000, 0x0000000080800000, 0x0000000080800000|100%| O|  |TAMS 0x0000000080800000, 0x0000000080700000| Untracked 
|   8|0x0000000080800000, 0x0000000080900000, 0x0000000080900000|100%| O|  |TAMS 0x0000000080900000, 0x0000000080800000| Untracked 
|   9|0x0000000080900000, 0x0000000080a00000, 0x0000000080a00000|100%| O|  |TAMS 0x0000000080a00000, 0x0000000080900000| Untracked 
|  10|0x0000000080a00000, 0x0000000080b00000, 0x0000000080b00000|100%| O|  |TAMS 0x0000000080b00000, 0x0000000080a00000| Untracked 
|  11|0x0000000080b00000, 0x0000000080c00000, 0x0000000080c00000|100%| O|  |TAMS 0x0000000080c00000, 0x0000000080b00000| Untracked 
|  12|0x0000000080c00000, 0x0000000080d00000, 0x0000000080d00000|100%| O|  |TAMS 0x0000000080d00000, 0x0000000080c00000| Untracked 
|  13|0x0000000080d00000, 0x0000000080e00000, 0x0000000080e00000|100%| O|  |TAMS 0x0000000080e00000, 0x0000000080d00000| Untracked 
|  14|0x0000000080e00000, 0x0000000080f00000, 0x0000000080f00000|100%| O|  |TAMS 0x0000000080f00000, 0x0000000080e00000| Untracked 
|  15|0x0000000080f00000, 0x0000000081000000, 0x0000000081000000|100%| O|  |TAMS 0x0000000081000000, 0x0000000080f00000| Untracked 
|  16|0x0000000081000000, 0x0000000081100000, 0x0000000081100000|100%| O|  |TAMS 0x0000000081100000, 0x0000000081000000| Untracked 
|  17|0x0000000081100000, 0x0000000081200000, 0x0000000081200000|100%| O|  |TAMS 0x0000000081200000, 0x0000000081100000| Untracked 
|  18|0x0000000081200000, 0x0000000081300000, 0x0000000081300000|100%| O|  |TAMS 0x0000000081300000, 0x0000000081200000| Untracked 
|  19|0x0000000081300000, 0x0000000081400000, 0x0000000081400000|100%| O|  |TAMS 0x0000000081400000, 0x0000000081300000| Untracked 
|  20|0x0000000081400000, 0x0000000081500000, 0x0000000081500000|100%| O|  |TAMS 0x0000000081500000, 0x0000000081400000| Untracked 
|  21|0x0000000081500000, 0x0000000081600000, 0x0000000081600000|100%|HS|  |TAMS 0x0000000081600000, 0x0000000081500000| Complete 
|  22|0x0000000081600000, 0x0000000081700000, 0x0000000081700000|100%|HC|  |TAMS 0x0000000081700000, 0x0000000081600000| Complete 
|  23|0x0000000081700000, 0x0000000081800000, 0x0000000081800000|100%|HS|  |TAMS 0x0000000081800000, 0x0000000081700000| Complete 
|  24|0x0000000081800000, 0x0000000081900000, 0x0000000081900000|100%|HC|  |TAMS 0x0000000081900000, 0x0000000081800000| Complete 
|  25|0x0000000081900000, 0x0000000081a00000, 0x0000000081a00000|100%|HC|  |TAMS 0x0000000081a00000, 0x0000000081900000| Complete 
|  26|0x0000000081a00000, 0x0000000081b00000, 0x0000000081b00000|100%|HS|  |TAMS 0x0000000081b00000, 0x0000000081a00000| Complete 
|  27|0x0000000081b00000, 0x0000000081c00000, 0x0000000081c00000|100%|HC|  |TAMS 0x0000000081c00000, 0x0000000081b00000| Complete 
|  28|0x0000000081c00000, 0x0000000081d00000, 0x0000000081d00000|100%|HC|  |TAMS 0x0000000081d00000, 0x0000000081c00000| Complete 
|  29|0x0000000081d00000, 0x0000000081e00000, 0x0000000081e00000|100%|HS|  |TAMS 0x0000000081e00000, 0x0000000081d00000| Complete 
|  30|0x0000000081e00000, 0x0000000081f00000, 0x0000000081f00000|100%|HC|  |TAMS 0x0000000081f00000, 0x0000000081e00000| Complete 
|  31|0x0000000081f00000, 0x0000000082000000, 0x0000000082000000|100%|HC|  |TAMS 0x0000000082000000, 0x0000000081f00000| Complete 
|  32|0x0000000082000000, 0x0000000082100000, 0x0000000082100000|100%|HC|  |TAMS 0x0000000082100000, 0x0000000082000000| Complete 
|  33|0x0000000082100000, 0x0000000082200000, 0x0000000082200000|100%|HC|  |TAMS 0x0000000082200000, 0x0000000082100000| Complete 
|  34|0x0000000082200000, 0x0000000082300000, 0x0000000082300000|100%|HC|  |TAMS 0x0000000082300000, 0x0000000082200000| Complete 
|  35|0x0000000082300000, 0x0000000082400000, 0x0000000082400000|100%|HC|  |TAMS 0x0000000082400000, 0x0000000082300000| Complete 
|  36|0x0000000082400000, 0x0000000082500000, 0x0000000082500000|100%|HC|  |TAMS 0x0000000082500000, 0x0000000082400000| Complete 
|  37|0x0000000082500000, 0x0000000082600000, 0x0000000082600000|100%|HC|  |TAMS 0x0000000082600000, 0x0000000082500000| Complete 
|  38|0x0000000082600000, 0x0000000082700000, 0x0000000082700000|100%|HC|  |TAMS 0x0000000082700000, 0x0000000082600000| Complete 
|  39|0x0000000082700000, 0x0000000082800000, 0x0000000082800000|100%|HC|  |TAMS 0x0000000082800000, 0x0000000082700000| Complete 
|  40|0x0000000082800000, 0x0000000082900000, 0x0000000082900000|100%|HC|  |TAMS 0x0000000082900000, 0x0000000082800000| Complete 
|  41|0x0000000082900000, 0x0000000082a00000, 0x0000000082a00000|100%| O|  |TAMS 0x0000000082a00000, 0x0000000082900000| Untracked 
|  42|0x0000000082a00000, 0x0000000082b00000, 0x0000000082b00000|100%|HS|  |TAMS 0x0000000082b00000, 0x0000000082a00000| Complete 
|  43|0x0000000082b00000, 0x0000000082c00000, 0x0000000082c00000|100%|HC|  |TAMS 0x0000000082c00000, 0x0000000082b00000| Complete 
|  44|0x0000000082c00000, 0x0000000082d00000, 0x0000000082d00000|100%| O|  |TAMS 0x0000000082d00000, 0x0000000082c00000| Untracked 
|  45|0x0000000082d00000, 0x0000000082e00000, 0x0000000082e00000|100%| O|  |TAMS 0x0000000082e00000, 0x0000000082d00000| Untracked 
|  46|0x0000000082e00000, 0x0000000082f00000, 0x0000000082f00000|100%| O|  |TAMS 0x0000000082f00000, 0x0000000082e00000| Untracked 
|  47|0x0000000082f00000, 0x0000000083000000, 0x0000000083000000|100%| O|  |TAMS 0x0000000083000000, 0x0000000082f00000| Untracked 
|  48|0x0000000083000000, 0x0000000083100000, 0x0000000083100000|100%| O|  |TAMS 0x0000000083100000, 0x0000000083000000| Untracked 
|  49|0x0000000083100000, 0x0000000083200000, 0x0000000083200000|100%| O|  |TAMS 0x0000000083200000, 0x0000000083100000| Untracked 
|  50|0x0000000083200000, 0x0000000083300000, 0x0000000083300000|100%| O|  |TAMS 0x0000000083300000, 0x0000000083200000| Untracked 
|  51|0x0000000083300000, 0x0000000083400000, 0x0000000083400000|100%| O|  |TAMS 0x0000000083400000, 0x0000000083300000| Untracked 
|  52|0x0000000083400000, 0x0000000083500000, 0x0000000083500000|100%| O|  |TAMS 0x0000000083500000, 0x0000000083400000| Untracked 
|  53|0x0000000083500000, 0x0000000083600000, 0x0000000083600000|100%| O|  |TAMS 0x0000000083600000, 0x0000000083500000| Untracked 
|  54|0x0000000083600000, 0x0000000083700000, 0x0000000083700000|100%|HS|  |TAMS 0x0000000083700000, 0x0000000083600000| Complete 
|  55|0x0000000083700000, 0x0000000083800000, 0x0000000083800000|100%|HC|  |TAMS 0x0000000083800000, 0x0000000083700000| Complete 
|  56|0x0000000083800000, 0x0000000083900000, 0x0000000083900000|100%|HC|  |TAMS 0x0000000083900000, 0x0000000083800000| Complete 
|  57|0x0000000083900000, 0x0000000083a00000, 0x0000000083a00000|100%|HS|  |TAMS 0x0000000083a00000, 0x0000000083900000| Complete 
|  58|0x0000000083a00000, 0x0000000083b00000, 0x0000000083b00000|100%|HC|  |TAMS 0x0000000083b00000, 0x0000000083a00000| Complete 
|  59|0x0000000083b00000, 0x0000000083c00000, 0x0000000083c00000|100%|HC|  |TAMS 0x0000000083c00000, 0x0000000083b00000| Complete 
|  60|0x0000000083c00000, 0x0000000083d00000, 0x0000000083d00000|100%| O|  |TAMS 0x0000000083d00000, 0x0000000083c00000| Untracked 
|  61|0x0000000083d00000, 0x0000000083e00000, 0x0000000083e00000|100%| O|  |TAMS 0x0000000083e00000, 0x0000000083d00000| Untracked 
|  62|0x0000000083e00000, 0x0000000083f00000, 0x0000000083f00000|100%| O|  |TAMS 0x0000000083f00000, 0x0000000083e00000| Untracked 
|  63|0x0000000083f00000, 0x0000000084000000, 0x0000000084000000|100%| O|  |TAMS 0x0000000084000000, 0x0000000083f00000| Untracked 
|  64|0x0000000084000000, 0x0000000084100000, 0x0000000084100000|100%| O|  |TAMS 0x0000000084100000, 0x0000000084000000| Untracked 
|  65|0x0000000084100000, 0x0000000084200000, 0x0000000084200000|100%| O|  |TAMS 0x0000000084200000, 0x0000000084100000| Untracked 
|  66|0x0000000084200000, 0x0000000084300000, 0x0000000084300000|100%| O|  |TAMS 0x0000000084300000, 0x0000000084200000| Untracked 
|  67|0x0000000084300000, 0x0000000084400000, 0x0000000084400000|100%| O|  |TAMS 0x0000000084400000, 0x0000000084300000| Untracked 
|  68|0x0000000084400000, 0x0000000084500000, 0x0000000084500000|100%| O|  |TAMS 0x0000000084500000, 0x0000000084400000| Untracked 
|  69|0x0000000084500000, 0x0000000084600000, 0x0000000084600000|100%|HS|  |TAMS 0x0000000084600000, 0x0000000084500000| Complete 
|  70|0x0000000084600000, 0x0000000084700000, 0x0000000084700000|100%|HS|  |TAMS 0x0000000084700000, 0x0000000084600000| Complete 
|  71|0x0000000084700000, 0x0000000084800000, 0x0000000084800000|100%|HS|  |TAMS 0x0000000084800000, 0x0000000084700000| Complete 
|  72|0x0000000084800000, 0x0000000084900000, 0x0000000084900000|100%|HS|  |TAMS 0x0000000084900000, 0x0000000084800000| Complete 
|  73|0x0000000084900000, 0x0000000084a00000, 0x0000000084a00000|100%|HC|  |TAMS 0x0000000084a00000, 0x0000000084900000| Complete 
|  74|0x0000000084a00000, 0x0000000084b00000, 0x0000000084b00000|100%|HC|  |TAMS 0x0000000084b00000, 0x0000000084a00000| Complete 
|  75|0x0000000084b00000, 0x0000000084c00000, 0x0000000084c00000|100%|HC|  |TAMS 0x0000000084c00000, 0x0000000084b00000| Complete 
|  76|0x0000000084c00000, 0x0000000084d00000, 0x0000000084d00000|100%| O|  |TAMS 0x0000000084d00000, 0x0000000084c00000| Untracked 
|  77|0x0000000084d00000, 0x0000000084e00000, 0x0000000084e00000|100%| O|  |TAMS 0x0000000084e00000, 0x0000000084d00000| Untracked 
|  78|0x0000000084e00000, 0x0000000084f00000, 0x0000000084f00000|100%| O|  |TAMS 0x0000000084f00000, 0x0000000084e00000| Untracked 
|  79|0x0000000084f00000, 0x0000000085000000, 0x0000000085000000|100%| O|  |TAMS 0x0000000085000000, 0x0000000084f00000| Untracked 
|  80|0x0000000085000000, 0x0000000085100000, 0x0000000085100000|100%| O|  |TAMS 0x0000000085100000, 0x0000000085000000| Untracked 
|  81|0x0000000085100000, 0x0000000085200000, 0x0000000085200000|100%| O|  |TAMS 0x0000000085200000, 0x0000000085100000| Untracked 
|  82|0x0000000085200000, 0x0000000085300000, 0x0000000085300000|100%| O|  |TAMS 0x0000000085300000, 0x0000000085200000| Untracked 
|  83|0x0000000085300000, 0x0000000085400000, 0x0000000085400000|100%| O|  |TAMS 0x0000000085400000, 0x0000000085300000| Untracked 
|  84|0x0000000085400000, 0x0000000085500000, 0x0000000085500000|100%| O|  |TAMS 0x0000000085500000, 0x0000000085400000| Untracked 
|  85|0x0000000085500000, 0x0000000085600000, 0x0000000085600000|100%| O|  |TAMS 0x0000000085600000, 0x0000000085500000| Untracked 
|  86|0x0000000085600000, 0x0000000085700000, 0x0000000085700000|100%| O|  |TAMS 0x0000000085700000, 0x0000000085600000| Untracked 
|  87|0x0000000085700000, 0x0000000085800000, 0x0000000085800000|100%| O|  |TAMS 0x0000000085800000, 0x0000000085700000| Untracked 
|  88|0x0000000085800000, 0x0000000085900000, 0x0000000085900000|100%| O|  |TAMS 0x0000000085900000, 0x0000000085800000| Untracked 
|  89|0x0000000085900000, 0x0000000085a00000, 0x0000000085a00000|100%| O|  |TAMS 0x0000000085a00000, 0x0000000085900000| Untracked 
|  90|0x0000000085a00000, 0x0000000085b00000, 0x0000000085b00000|100%| O|  |TAMS 0x0000000085b00000, 0x0000000085a00000| Untracked 
|  91|0x0000000085b00000, 0x0000000085c00000, 0x0000000085c00000|100%| O|  |TAMS 0x0000000085c00000, 0x0000000085b00000| Untracked 
|  92|0x0000000085c00000, 0x0000000085d00000, 0x0000000085d00000|100%| O|  |TAMS 0x0000000085d00000, 0x0000000085c00000| Untracked 
|  93|0x0000000085d00000, 0x0000000085e00000, 0x0000000085e00000|100%| O|  |TAMS 0x0000000085e00000, 0x0000000085d00000| Untracked 
|  94|0x0000000085e00000, 0x0000000085f00000, 0x0000000085f00000|100%| O|  |TAMS 0x0000000085f00000, 0x0000000085e00000| Untracked 
|  95|0x0000000085f00000, 0x0000000086000000, 0x0000000086000000|100%| O|  |TAMS 0x0000000086000000, 0x0000000085f00000| Untracked 
|  96|0x0000000086000000, 0x0000000086100000, 0x0000000086100000|100%| O|  |TAMS 0x0000000086100000, 0x0000000086000000| Untracked 
|  97|0x0000000086100000, 0x0000000086200000, 0x0000000086200000|100%| O|  |TAMS 0x0000000086200000, 0x0000000086100000| Untracked 
|  98|0x0000000086200000, 0x0000000086300000, 0x0000000086300000|100%| O|  |TAMS 0x0000000086300000, 0x0000000086200000| Untracked 
|  99|0x0000000086300000, 0x0000000086400000, 0x0000000086400000|100%| O|  |TAMS 0x0000000086400000, 0x0000000086300000| Untracked 
| 100|0x0000000086400000, 0x0000000086500000, 0x0000000086500000|100%|HS|  |TAMS 0x0000000086500000, 0x0000000086400000| Complete 
| 101|0x0000000086500000, 0x0000000086600000, 0x0000000086600000|100%|HC|  |TAMS 0x0000000086600000, 0x0000000086500000| Complete 
| 102|0x0000000086600000, 0x0000000086700000, 0x0000000086700000|100%|HS|  |TAMS 0x0000000086700000, 0x0000000086600000| Complete 
| 103|0x0000000086700000, 0x0000000086800000, 0x0000000086800000|100%|HC|  |TAMS 0x0000000086800000, 0x0000000086700000| Complete 
| 104|0x0000000086800000, 0x0000000086900000, 0x0000000086900000|100%|HC|  |TAMS 0x0000000086900000, 0x0000000086800000| Complete 
| 105|0x0000000086900000, 0x0000000086a00000, 0x0000000086a00000|100%|HS|  |TAMS 0x0000000086a00000, 0x0000000086900000| Complete 
| 106|0x0000000086a00000, 0x0000000086b00000, 0x0000000086b00000|100%|HC|  |TAMS 0x0000000086b00000, 0x0000000086a00000| Complete 
| 107|0x0000000086b00000, 0x0000000086c00000, 0x0000000086c00000|100%|HC|  |TAMS 0x0000000086c00000, 0x0000000086b00000| Complete 
| 108|0x0000000086c00000, 0x0000000086d00000, 0x0000000086d00000|100%|HS|  |TAMS 0x0000000086d00000, 0x0000000086c00000| Complete 
| 109|0x0000000086d00000, 0x0000000086e00000, 0x0000000086e00000|100%|HC|  |TAMS 0x0000000086e00000, 0x0000000086d00000| Complete 
| 110|0x0000000086e00000, 0x0000000086f00000, 0x0000000086f00000|100%|HC|  |TAMS 0x0000000086f00000, 0x0000000086e00000| Complete 
| 111|0x0000000086f00000, 0x0000000087000000, 0x0000000087000000|100%|HC|  |TAMS 0x0000000087000000, 0x0000000086f00000| Complete 
| 112|0x0000000087000000, 0x0000000087100000, 0x0000000087100000|100%|HC|  |TAMS 0x0000000087100000, 0x0000000087000000| Complete 
| 113|0x0000000087100000, 0x0000000087200000, 0x0000000087200000|100%|HC|  |TAMS 0x0000000087200000, 0x0000000087100000| Complete 
| 114|0x0000000087200000, 0x0000000087300000, 0x0000000087300000|100%|HC|  |TAMS 0x0000000087300000, 0x0000000087200000| Complete 
| 115|0x0000000087300000, 0x0000000087400000, 0x0000000087400000|100%|HC|  |TAMS 0x0000000087400000, 0x0000000087300000| Complete 
| 116|0x0000000087400000, 0x0000000087500000, 0x0000000087500000|100%|HC|  |TAMS 0x0000000087500000, 0x0000000087400000| Complete 
| 117|0x0000000087500000, 0x0000000087600000, 0x0000000087600000|100%|HC|  |TAMS 0x0000000087600000, 0x0000000087500000| Complete 
| 118|0x0000000087600000, 0x0000000087700000, 0x0000000087700000|100%|HC|  |TAMS 0x0000000087700000, 0x0000000087600000| Complete 
| 119|0x0000000087700000, 0x0000000087800000, 0x0000000087800000|100%|HC|  |TAMS 0x0000000087800000, 0x0000000087700000| Complete 
| 120|0x0000000087800000, 0x0000000087900000, 0x0000000087900000|100%|HS|  |TAMS 0x0000000087900000, 0x0000000087800000| Complete 
| 121|0x0000000087900000, 0x0000000087a00000, 0x0000000087a00000|100%|HC|  |TAMS 0x0000000087a00000, 0x0000000087900000| Complete 
| 122|0x0000000087a00000, 0x0000000087b00000, 0x0000000087b00000|100%| O|  |TAMS 0x0000000087b00000, 0x0000000087a00000| Untracked 
| 123|0x0000000087b00000, 0x0000000087c00000, 0x0000000087c00000|100%| O|  |TAMS 0x0000000087c00000, 0x0000000087b00000| Untracked 
| 124|0x0000000087c00000, 0x0000000087d00000, 0x0000000087d00000|100%| O|  |TAMS 0x0000000087d00000, 0x0000000087c00000| Untracked 
| 125|0x0000000087d00000, 0x0000000087e00000, 0x0000000087e00000|100%| O|  |TAMS 0x0000000087e00000, 0x0000000087d00000| Untracked 
| 126|0x0000000087e00000, 0x0000000087f00000, 0x0000000087f00000|100%| O|  |TAMS 0x0000000087e00000, 0x0000000087e00000| Untracked 
| 127|0x0000000087f00000, 0x0000000088000000, 0x0000000088000000|100%| O|  |TAMS 0x0000000088000000, 0x0000000087f00000| Untracked 
| 128|0x0000000088000000, 0x0000000088100000, 0x0000000088100000|100%| O|  |TAMS 0x0000000088100000, 0x0000000088000000| Untracked 
| 129|0x0000000088100000, 0x0000000088200000, 0x0000000088200000|100%| O|  |TAMS 0x0000000088200000, 0x0000000088100000| Untracked 
| 130|0x0000000088200000, 0x0000000088300000, 0x0000000088300000|100%| O|  |TAMS 0x0000000088300000, 0x0000000088200000| Untracked 
| 131|0x0000000088300000, 0x0000000088300000, 0x0000000088400000|  0%| F|  |TAMS 0x0000000088300000, 0x0000000088300000| Untracked 
| 132|0x0000000088400000, 0x0000000088500000, 0x0000000088500000|100%| O|  |TAMS 0x0000000088500000, 0x0000000088400000| Untracked 
| 133|0x0000000088500000, 0x0000000088600000, 0x0000000088600000|100%| O|  |TAMS 0x0000000088600000, 0x0000000088500000| Untracked 
| 134|0x0000000088600000, 0x0000000088700000, 0x0000000088700000|100%| O|  |TAMS 0x0000000088700000, 0x0000000088600000| Untracked 
| 135|0x0000000088700000, 0x0000000088800000, 0x0000000088800000|100%| O|  |TAMS 0x0000000088800000, 0x0000000088700000| Untracked 
| 136|0x0000000088800000, 0x0000000088900000, 0x0000000088900000|100%| O|  |TAMS 0x000000008883ba00, 0x0000000088800000| Untracked 
| 137|0x0000000088900000, 0x0000000088a00000, 0x0000000088a00000|100%| O|  |TAMS 0x0000000088900000, 0x0000000088900000| Untracked 
| 138|0x0000000088a00000, 0x0000000088b00000, 0x0000000088b00000|100%| O|  |TAMS 0x0000000088a00000, 0x0000000088a00000| Untracked 
| 139|0x0000000088b00000, 0x0000000088c00000, 0x0000000088c00000|100%| O|  |TAMS 0x0000000088b00000, 0x0000000088b00000| Untracked 
| 140|0x0000000088c00000, 0x0000000088d00000, 0x0000000088d00000|100%| O|  |TAMS 0x0000000088c00000, 0x0000000088c00000| Untracked 
| 141|0x0000000088d00000, 0x0000000088e00000, 0x0000000088e00000|100%| O|  |TAMS 0x0000000088d00000, 0x0000000088d00000| Untracked 
| 142|0x0000000088e00000, 0x0000000088f00000, 0x0000000088f00000|100%| O|  |TAMS 0x0000000088e00000, 0x0000000088e00000| Untracked 
| 143|0x0000000088f00000, 0x0000000089000000, 0x0000000089000000|100%| O|  |TAMS 0x0000000088f00000, 0x0000000088f00000| Untracked 
| 144|0x0000000089000000, 0x0000000089100000, 0x0000000089100000|100%| O|  |TAMS 0x0000000089000000, 0x0000000089000000| Untracked 
| 145|0x0000000089100000, 0x000000008912e800, 0x0000000089200000| 18%| O|  |TAMS 0x0000000089100000, 0x0000000089100000| Untracked 
| 146|0x0000000089200000, 0x0000000089200000, 0x0000000089300000|  0%| F|  |TAMS 0x0000000089200000, 0x0000000089200000| Untracked 
| 147|0x0000000089300000, 0x0000000089300000, 0x0000000089400000|  0%| F|  |TAMS 0x0000000089300000, 0x0000000089300000| Untracked 
| 148|0x0000000089400000, 0x0000000089400000, 0x0000000089500000|  0%| F|  |TAMS 0x0000000089400000, 0x0000000089400000| Untracked 
| 149|0x0000000089500000, 0x0000000089500000, 0x0000000089600000|  0%| F|  |TAMS 0x0000000089500000, 0x0000000089500000| Untracked 
| 150|0x0000000089600000, 0x0000000089600000, 0x0000000089700000|  0%| F|  |TAMS 0x0000000089600000, 0x0000000089600000| Untracked 
| 151|0x0000000089700000, 0x0000000089700000, 0x0000000089800000|  0%| F|  |TAMS 0x0000000089700000, 0x0000000089700000| Untracked 
| 152|0x0000000089800000, 0x0000000089800000, 0x0000000089900000|  0%| F|  |TAMS 0x0000000089800000, 0x0000000089800000| Untracked 
| 153|0x0000000089900000, 0x0000000089900000, 0x0000000089a00000|  0%| F|  |TAMS 0x0000000089900000, 0x0000000089900000| Untracked 
| 154|0x0000000089a00000, 0x0000000089a00000, 0x0000000089b00000|  0%| F|  |TAMS 0x0000000089a00000, 0x0000000089a00000| Untracked 
| 155|0x0000000089b00000, 0x0000000089b00000, 0x0000000089c00000|  0%| F|  |TAMS 0x0000000089b00000, 0x0000000089b00000| Untracked 
| 156|0x0000000089c00000, 0x0000000089c00000, 0x0000000089d00000|  0%| F|  |TAMS 0x0000000089c00000, 0x0000000089c00000| Untracked 
| 157|0x0000000089d00000, 0x0000000089d00000, 0x0000000089e00000|  0%| F|  |TAMS 0x0000000089d00000, 0x0000000089d00000| Untracked 
| 158|0x0000000089e00000, 0x0000000089e00000, 0x0000000089f00000|  0%| F|  |TAMS 0x0000000089e00000, 0x0000000089e00000| Untracked 
| 159|0x0000000089f00000, 0x0000000089f00000, 0x000000008a000000|  0%| F|  |TAMS 0x0000000089f00000, 0x0000000089f00000| Untracked 
| 160|0x000000008a000000, 0x000000008a000000, 0x000000008a100000|  0%| F|  |TAMS 0x000000008a000000, 0x000000008a000000| Untracked 
| 161|0x000000008a100000, 0x000000008a100000, 0x000000008a200000|  0%| F|  |TAMS 0x000000008a100000, 0x000000008a100000| Untracked 
| 162|0x000000008a200000, 0x000000008a200000, 0x000000008a300000|  0%| F|  |TAMS 0x000000008a200000, 0x000000008a200000| Untracked 
| 163|0x000000008a300000, 0x000000008a300000, 0x000000008a400000|  0%| F|  |TAMS 0x000000008a300000, 0x000000008a300000| Untracked 
| 164|0x000000008a400000, 0x000000008a400000, 0x000000008a500000|  0%| F|  |TAMS 0x000000008a400000, 0x000000008a400000| Untracked 
| 165|0x000000008a500000, 0x000000008a500000, 0x000000008a600000|  0%| F|  |TAMS 0x000000008a500000, 0x000000008a500000| Untracked 
| 166|0x000000008a600000, 0x000000008a600000, 0x000000008a700000|  0%| F|  |TAMS 0x000000008a600000, 0x000000008a600000| Untracked 
| 167|0x000000008a700000, 0x000000008a700000, 0x000000008a800000|  0%| F|  |TAMS 0x000000008a700000, 0x000000008a700000| Untracked 
| 168|0x000000008a800000, 0x000000008a800000, 0x000000008a900000|  0%| F|  |TAMS 0x000000008a800000, 0x000000008a800000| Untracked 
| 169|0x000000008a900000, 0x000000008a900000, 0x000000008aa00000|  0%| F|  |TAMS 0x000000008a900000, 0x000000008a900000| Untracked 
| 170|0x000000008aa00000, 0x000000008aa00000, 0x000000008ab00000|  0%| F|  |TAMS 0x000000008aa00000, 0x000000008aa00000| Untracked 
| 171|0x000000008ab00000, 0x000000008ab00000, 0x000000008ac00000|  0%| F|  |TAMS 0x000000008ab00000, 0x000000008ab00000| Untracked 
| 172|0x000000008ac00000, 0x000000008ac00000, 0x000000008ad00000|  0%| F|  |TAMS 0x000000008ac00000, 0x000000008ac00000| Untracked 
| 173|0x000000008ad00000, 0x000000008ad00000, 0x000000008ae00000|  0%| F|  |TAMS 0x000000008ad00000, 0x000000008ad00000| Untracked 
| 174|0x000000008ae00000, 0x000000008ae00000, 0x000000008af00000|  0%| F|  |TAMS 0x000000008ae00000, 0x000000008ae00000| Untracked 
| 175|0x000000008af00000, 0x000000008af00000, 0x000000008b000000|  0%| F|  |TAMS 0x000000008af00000, 0x000000008af00000| Untracked 
| 176|0x000000008b000000, 0x000000008b000000, 0x000000008b100000|  0%| F|  |TAMS 0x000000008b000000, 0x000000008b000000| Untracked 
| 177|0x000000008b100000, 0x000000008b100000, 0x000000008b200000|  0%| F|  |TAMS 0x000000008b100000, 0x000000008b100000| Untracked 
| 178|0x000000008b200000, 0x000000008b200000, 0x000000008b300000|  0%| F|  |TAMS 0x000000008b200000, 0x000000008b200000| Untracked 
| 179|0x000000008b300000, 0x000000008b300000, 0x000000008b400000|  0%| F|  |TAMS 0x000000008b300000, 0x000000008b300000| Untracked 
| 180|0x000000008b400000, 0x000000008b400000, 0x000000008b500000|  0%| F|  |TAMS 0x000000008b400000, 0x000000008b400000| Untracked 
| 181|0x000000008b500000, 0x000000008b5395d0, 0x000000008b600000| 22%| S|CS|TAMS 0x000000008b500000, 0x000000008b500000| Complete 
| 182|0x000000008b600000, 0x000000008b700000, 0x000000008b700000|100%| S|CS|TAMS 0x000000008b600000, 0x000000008b600000| Complete 
| 183|0x000000008b700000, 0x000000008b800000, 0x000000008b800000|100%| S|CS|TAMS 0x000000008b700000, 0x000000008b700000| Complete 
| 184|0x000000008b800000, 0x000000008b900000, 0x000000008b900000|100%| S|CS|TAMS 0x000000008b800000, 0x000000008b800000| Complete 
| 185|0x000000008b900000, 0x000000008ba00000, 0x000000008ba00000|100%| S|CS|TAMS 0x000000008b900000, 0x000000008b900000| Complete 
| 186|0x000000008ba00000, 0x000000008ba00000, 0x000000008bb00000|  0%| F|  |TAMS 0x000000008ba00000, 0x000000008ba00000| Untracked 
| 187|0x000000008bb00000, 0x000000008bb00000, 0x000000008bc00000|  0%| F|  |TAMS 0x000000008bb00000, 0x000000008bb00000| Untracked 
| 188|0x000000008bc00000, 0x000000008bc00000, 0x000000008bd00000|  0%| F|  |TAMS 0x000000008bc00000, 0x000000008bc00000| Untracked 
| 189|0x000000008bd00000, 0x000000008bd00000, 0x000000008be00000|  0%| F|  |TAMS 0x000000008bd00000, 0x000000008bd00000| Untracked 
| 190|0x000000008be00000, 0x000000008be00000, 0x000000008bf00000|  0%| F|  |TAMS 0x000000008be00000, 0x000000008be00000| Untracked 
| 191|0x000000008bf00000, 0x000000008bf00000, 0x000000008c000000|  0%| F|  |TAMS 0x000000008bf00000, 0x000000008bf00000| Untracked 
| 192|0x000000008c000000, 0x000000008c000000, 0x000000008c100000|  0%| F|  |TAMS 0x000000008c000000, 0x000000008c000000| Untracked 
| 193|0x000000008c100000, 0x000000008c100000, 0x000000008c200000|  0%| F|  |TAMS 0x000000008c100000, 0x000000008c100000| Untracked 
| 194|0x000000008c200000, 0x000000008c200000, 0x000000008c300000|  0%| F|  |TAMS 0x000000008c200000, 0x000000008c200000| Untracked 
| 195|0x000000008c300000, 0x000000008c300000, 0x000000008c400000|  0%| F|  |TAMS 0x000000008c300000, 0x000000008c300000| Untracked 
| 196|0x000000008c400000, 0x000000008c400000, 0x000000008c500000|  0%| F|  |TAMS 0x000000008c400000, 0x000000008c400000| Untracked 
| 197|0x000000008c500000, 0x000000008c500000, 0x000000008c600000|  0%| F|  |TAMS 0x000000008c500000, 0x000000008c500000| Untracked 
| 198|0x000000008c600000, 0x000000008c600000, 0x000000008c700000|  0%| F|  |TAMS 0x000000008c600000, 0x000000008c600000| Untracked 
| 199|0x000000008c700000, 0x000000008c700000, 0x000000008c800000|  0%| F|  |TAMS 0x000000008c700000, 0x000000008c700000| Untracked 
| 200|0x000000008c800000, 0x000000008c800000, 0x000000008c900000|  0%| F|  |TAMS 0x000000008c800000, 0x000000008c800000| Untracked 
| 201|0x000000008c900000, 0x000000008c900000, 0x000000008ca00000|  0%| F|  |TAMS 0x000000008c900000, 0x000000008c900000| Untracked 
| 202|0x000000008ca00000, 0x000000008ca00000, 0x000000008cb00000|  0%| F|  |TAMS 0x000000008ca00000, 0x000000008ca00000| Untracked 
| 203|0x000000008cb00000, 0x000000008cb00000, 0x000000008cc00000|  0%| F|  |TAMS 0x000000008cb00000, 0x000000008cb00000| Untracked 
| 204|0x000000008cc00000, 0x000000008cc00000, 0x000000008cd00000|  0%| F|  |TAMS 0x000000008cc00000, 0x000000008cc00000| Untracked 
| 205|0x000000008cd00000, 0x000000008cd00000, 0x000000008ce00000|  0%| F|  |TAMS 0x000000008cd00000, 0x000000008cd00000| Untracked 
| 206|0x000000008ce00000, 0x000000008ce00000, 0x000000008cf00000|  0%| F|  |TAMS 0x000000008ce00000, 0x000000008ce00000| Untracked 
| 207|0x000000008cf00000, 0x000000008cf00000, 0x000000008d000000|  0%| F|  |TAMS 0x000000008cf00000, 0x000000008cf00000| Untracked 
| 208|0x000000008d000000, 0x000000008d000000, 0x000000008d100000|  0%| F|  |TAMS 0x000000008d000000, 0x000000008d000000| Untracked 
| 209|0x000000008d100000, 0x000000008d100000, 0x000000008d200000|  0%| F|  |TAMS 0x000000008d100000, 0x000000008d100000| Untracked 
| 210|0x000000008d200000, 0x000000008d200000, 0x000000008d300000|  0%| F|  |TAMS 0x000000008d200000, 0x000000008d200000| Untracked 
| 211|0x000000008d300000, 0x000000008d300000, 0x000000008d400000|  0%| F|  |TAMS 0x000000008d300000, 0x000000008d300000| Untracked 
| 212|0x000000008d400000, 0x000000008d400000, 0x000000008d500000|  0%| F|  |TAMS 0x000000008d400000, 0x000000008d400000| Untracked 
| 213|0x000000008d500000, 0x000000008d500000, 0x000000008d600000|  0%| F|  |TAMS 0x000000008d500000, 0x000000008d500000| Untracked 
| 214|0x000000008d600000, 0x000000008d600000, 0x000000008d700000|  0%| F|  |TAMS 0x000000008d600000, 0x000000008d600000| Untracked 
| 215|0x000000008d700000, 0x000000008d700000, 0x000000008d800000|  0%| F|  |TAMS 0x000000008d700000, 0x000000008d700000| Untracked 
| 216|0x000000008d800000, 0x000000008d800000, 0x000000008d900000|  0%| F|  |TAMS 0x000000008d800000, 0x000000008d800000| Untracked 
| 217|0x000000008d900000, 0x000000008d900000, 0x000000008da00000|  0%| F|  |TAMS 0x000000008d900000, 0x000000008d900000| Untracked 
| 218|0x000000008da00000, 0x000000008da00000, 0x000000008db00000|  0%| F|  |TAMS 0x000000008da00000, 0x000000008da00000| Untracked 
| 219|0x000000008db00000, 0x000000008db00000, 0x000000008dc00000|  0%| F|  |TAMS 0x000000008db00000, 0x000000008db00000| Untracked 
| 220|0x000000008dc00000, 0x000000008dc00000, 0x000000008dd00000|  0%| F|  |TAMS 0x000000008dc00000, 0x000000008dc00000| Untracked 
| 221|0x000000008dd00000, 0x000000008dd00000, 0x000000008de00000|  0%| F|  |TAMS 0x000000008dd00000, 0x000000008dd00000| Untracked 
| 222|0x000000008de00000, 0x000000008de00000, 0x000000008df00000|  0%| F|  |TAMS 0x000000008de00000, 0x000000008de00000| Untracked 
| 223|0x000000008df00000, 0x000000008df00000, 0x000000008e000000|  0%| F|  |TAMS 0x000000008df00000, 0x000000008df00000| Untracked 
| 224|0x000000008e000000, 0x000000008e000000, 0x000000008e100000|  0%| F|  |TAMS 0x000000008e000000, 0x000000008e000000| Untracked 
| 225|0x000000008e100000, 0x000000008e100000, 0x000000008e200000|  0%| F|  |TAMS 0x000000008e100000, 0x000000008e100000| Untracked 
| 226|0x000000008e200000, 0x000000008e200000, 0x000000008e300000|  0%| F|  |TAMS 0x000000008e200000, 0x000000008e200000| Untracked 
| 227|0x000000008e300000, 0x000000008e300000, 0x000000008e400000|  0%| F|  |TAMS 0x000000008e300000, 0x000000008e300000| Untracked 
| 228|0x000000008e400000, 0x000000008e400000, 0x000000008e500000|  0%| F|  |TAMS 0x000000008e400000, 0x000000008e400000| Untracked 
| 229|0x000000008e500000, 0x000000008e500000, 0x000000008e600000|  0%| F|  |TAMS 0x000000008e500000, 0x000000008e500000| Untracked 
| 230|0x000000008e600000, 0x000000008e600000, 0x000000008e700000|  0%| F|  |TAMS 0x000000008e600000, 0x000000008e600000| Untracked 
| 231|0x000000008e700000, 0x000000008e700000, 0x000000008e800000|  0%| F|  |TAMS 0x000000008e700000, 0x000000008e700000| Untracked 
| 232|0x000000008e800000, 0x000000008e800000, 0x000000008e900000|  0%| F|  |TAMS 0x000000008e800000, 0x000000008e800000| Untracked 
| 233|0x000000008e900000, 0x000000008e900000, 0x000000008ea00000|  0%| F|  |TAMS 0x000000008e900000, 0x000000008e900000| Untracked 
| 234|0x000000008ea00000, 0x000000008ea00000, 0x000000008eb00000|  0%| F|  |TAMS 0x000000008ea00000, 0x000000008ea00000| Untracked 
| 235|0x000000008eb00000, 0x000000008eb00000, 0x000000008ec00000|  0%| F|  |TAMS 0x000000008eb00000, 0x000000008eb00000| Untracked 
| 236|0x000000008ec00000, 0x000000008ec00000, 0x000000008ed00000|  0%| F|  |TAMS 0x000000008ec00000, 0x000000008ec00000| Untracked 
| 237|0x000000008ed00000, 0x000000008ed00000, 0x000000008ee00000|  0%| F|  |TAMS 0x000000008ed00000, 0x000000008ed00000| Untracked 
| 238|0x000000008ee00000, 0x000000008ee00000, 0x000000008ef00000|  0%| F|  |TAMS 0x000000008ee00000, 0x000000008ee00000| Untracked 
| 239|0x000000008ef00000, 0x000000008ef00000, 0x000000008f000000|  0%| F|  |TAMS 0x000000008ef00000, 0x000000008ef00000| Untracked 
| 240|0x000000008f000000, 0x000000008f003c68, 0x000000008f100000|  1%| E|  |TAMS 0x000000008f000000, 0x000000008f000000| Complete 
| 241|0x000000008f100000, 0x000000008f200000, 0x000000008f200000|100%| E|CS|TAMS 0x000000008f100000, 0x000000008f100000| Complete 

Card table byte_map: [0x000001d8c57e0000,0x000001d8c5be0000] _byte_map_base: 0x000001d8c53e0000

Marking Bits (Prev, Next): (CMBitMap*) 0x000001d8b2f69b10, (CMBitMap*) 0x000001d8b2f69ad0
 Prev Bits: [0x000001d8c7fe0000, 0x000001d8c9fe0000)
 Next Bits: [0x000001d8c5fe0000, 0x000001d8c7fe0000)

Polling page: 0x000001d8b0eb0000

Metaspace:

Usage:
  Non-class:     88.84 MB used.
      Class:     13.60 MB used.
       Both:    102.44 MB used.

Virtual space:
  Non-class space:       96.00 MB reserved,      89.25 MB ( 93%) committed,  12 nodes.
      Class space:        1.00 GB reserved,      13.94 MB (  1%) committed,  1 nodes.
             Both:        1.09 GB reserved,     103.19 MB (  9%) committed. 

Chunk freelists:
   Non-Class:  2.14 MB
       Class:  1.88 MB
        Both:  4.02 MB

MaxMetaspaceSize: unlimited
CompressedClassSpaceSize: 1.00 GB
Initial GC threshold: 21.00 MB
Current GC threshold: 163.06 MB
CDS: off
MetaspaceReclaimPolicy: balanced
 - commit_granule_bytes: 65536.
 - commit_granule_words: 8192.
 - virtual_space_node_default_size: 1048576.
 - enlarge_chunks_in_place: 1.
 - new_chunks_are_fully_committed: 0.
 - uncommit_free_chunks: 1.
 - use_allocation_guard: 0.
 - handle_deallocations: 1.


Internal statistics:

num_allocs_failed_limit: 3.
num_arena_births: 1030.
num_arena_deaths: 0.
num_vsnodes_births: 13.
num_vsnodes_deaths: 0.
num_space_committed: 1651.
num_space_uncommitted: 0.
num_chunks_returned_to_freelist: 3.
num_chunks_taken_from_freelist: 4992.
num_chunk_merges: 3.
num_chunk_splits: 3288.
num_chunks_enlarged: 2188.
num_purges: 0.
num_inconsistent_stats: 0.

CodeHeap 'non-profiled nmethods': size=120000Kb used=6385Kb max_used=6385Kb free=113614Kb
 bounds [0x000001d8bdeb0000, 0x000001d8be4f0000, 0x000001d8c53e0000]
CodeHeap 'profiled nmethods': size=120000Kb used=21047Kb max_used=21047Kb free=98953Kb
 bounds [0x000001d8b63e0000, 0x000001d8b7870000, 0x000001d8bd910000]
CodeHeap 'non-nmethods': size=5760Kb used=2424Kb max_used=2467Kb free=3335Kb
 bounds [0x000001d8bd910000, 0x000001d8bdb80000, 0x000001d8bdeb0000]
 total_blobs=11446 nmethods=10488 adapters=869
 compilation: enabled
              stopped_count=0, restarted_count=0
 full_count=0

Compilation events (20 events):
Event: 48.187 Thread 0x000001d8cd021cc0 12027       3       kotlin.reflect.jvm.internal.impl.metadata.ProtoBuf$ValueParameter$1::parsePartialFrom (11 bytes)
Event: 48.187 Thread 0x000001d8cd021cc0 nmethod 12027 0x000001d8b786ca10 code [0x000001d8b786cbc0, 0x000001d8b786cdc8]
Event: 48.187 Thread 0x000001d8cd021cc0 12037       1       kotlin.ranges.IntProgressionIterator::hasNext (5 bytes)
Event: 48.187 Thread 0x000001d8cd021cc0 nmethod 12037 0x000001d8be4eb590 code [0x000001d8be4eb720, 0x000001d8be4eb7f8]
Event: 48.188 Thread 0x000001d8cd021cc0 12049       1       kotlin.reflect.jvm.internal.impl.metadata.ProtoBuf$Class::getFqName (5 bytes)
Event: 48.188 Thread 0x000001d8cd021cc0 nmethod 12049 0x000001d8be4eb890 code [0x000001d8be4eba20, 0x000001d8be4ebaf8]
Event: 48.188 Thread 0x000001d8cd021cc0 12050       1       kotlin.Triple::component1 (5 bytes)
Event: 48.188 Thread 0x000001d8cd021cc0 nmethod 12050 0x000001d8be4ebb90 code [0x000001d8be4ebd20, 0x000001d8be4ebdf8]
Event: 48.188 Thread 0x000001d8cd021cc0 12051       1       kotlin.Triple::component2 (5 bytes)
Event: 48.188 Thread 0x000001d8cd021cc0 nmethod 12051 0x000001d8be4ebe90 code [0x000001d8be4ec020, 0x000001d8be4ec0f8]
Event: 48.188 Thread 0x000001d8cd021cc0 12052       1       kotlin.Triple::getThird (5 bytes)
Event: 48.188 Thread 0x000001d8cd021cc0 nmethod 12052 0x000001d8be4ec190 code [0x000001d8be4ec320, 0x000001d8be4ec3f8]
Event: 48.188 Thread 0x000001d8cd021cc0 12048       1       kotlin.reflect.jvm.internal.impl.metadata.ProtoBuf$Class::getTypeTable (5 bytes)
Event: 48.188 Thread 0x000001d8cd021cc0 nmethod 12048 0x000001d8be4ec490 code [0x000001d8be4ec620, 0x000001d8be4ec6f8]
Event: 48.233 Thread 0x000001d8cd021cc0 12054       3       kotlin.reflect.jvm.internal.impl.protobuf.CodedOutputStream::writeRawByte (7 bytes)
Event: 48.233 Thread 0x000001d8cd021cc0 nmethod 12054 0x000001d8b786cf10 code [0x000001d8b786d0a0, 0x000001d8b786d1e8]
Event: 48.233 Thread 0x000001d8cd021cc0 12055       3       kotlin.reflect.jvm.internal.impl.protobuf.CodedOutputStream::writeRawByte (43 bytes)
Event: 48.233 Thread 0x000001d8cd021cc0 nmethod 12055 0x000001d8b786d290 code [0x000001d8b786d440, 0x000001d8b786d608]
Event: 48.233 Thread 0x000001d8cd021cc0 12056       3       kotlin.reflect.jvm.internal.impl.protobuf.CodedOutputStream::computeRawVarint32Size (39 bytes)
Event: 48.233 Thread 0x000001d8cd021cc0 nmethod 12056 0x000001d8b786d710 code [0x000001d8b786d8c0, 0x000001d8b786db78]

GC Heap History (20 events):
Event: 35.385 GC heap before
{Heap before GC invocations=49 (full 0):
 garbage-first heap   total 174080K, used 139568K [0x0000000080000000, 0x0000000100000000)
  region size 1024K, 40 young (40960K), 3 survivors (3072K)
 Metaspace       used 82588K, committed 83328K, reserved 1122304K
  class space    used 11014K, committed 11328K, reserved 1048576K
}
Event: 35.398 GC heap after
{Heap after GC invocations=50 (full 0):
 garbage-first heap   total 174080K, used 107520K [0x0000000080000000, 0x0000000100000000)
  region size 1024K, 5 young (5120K), 5 survivors (5120K)
 Metaspace       used 82588K, committed 83328K, reserved 1122304K
  class space    used 11014K, committed 11328K, reserved 1048576K
}
Event: 37.133 GC heap before
{Heap before GC invocations=51 (full 0):
 garbage-first heap   total 186368K, used 161792K [0x0000000080000000, 0x0000000100000000)
  region size 1024K, 37 young (37888K), 5 survivors (5120K)
 Metaspace       used 86611K, committed 87360K, reserved 1130496K
  class space    used 11612K, committed 11968K, reserved 1048576K
}
Event: 37.148 GC heap after
{Heap after GC invocations=52 (full 0):
 garbage-first heap   total 186368K, used 136291K [0x0000000080000000, 0x0000000100000000)
  region size 1024K, 5 young (5120K), 5 survivors (5120K)
 Metaspace       used 86611K, committed 87360K, reserved 1130496K
  class space    used 11612K, committed 11968K, reserved 1048576K
}
Event: 37.289 GC heap before
{Heap before GC invocations=52 (full 0):
 garbage-first heap   total 186368K, used 139363K [0x0000000080000000, 0x0000000100000000)
  region size 1024K, 9 young (9216K), 5 survivors (5120K)
 Metaspace       used 86660K, committed 87424K, reserved 1130496K
  class space    used 11612K, committed 11968K, reserved 1048576K
}
Event: 37.301 GC heap after
{Heap after GC invocations=53 (full 0):
 garbage-first heap   total 186368K, used 137709K [0x0000000080000000, 0x0000000100000000)
  region size 1024K, 1 young (1024K), 1 survivors (1024K)
 Metaspace       used 86660K, committed 87424K, reserved 1130496K
  class space    used 11612K, committed 11968K, reserved 1048576K
}
Event: 37.889 GC heap before
{Heap before GC invocations=53 (full 0):
 garbage-first heap   total 186368K, used 157165K [0x0000000080000000, 0x0000000100000000)
  region size 1024K, 21 young (21504K), 1 survivors (1024K)
 Metaspace       used 87337K, committed 88064K, reserved 1130496K
  class space    used 11706K, committed 12032K, reserved 1048576K
}
Event: 37.895 GC heap after
{Heap after GC invocations=54 (full 0):
 garbage-first heap   total 186368K, used 138942K [0x0000000080000000, 0x0000000100000000)
  region size 1024K, 2 young (2048K), 2 survivors (2048K)
 Metaspace       used 87337K, committed 88064K, reserved 1130496K
  class space    used 11706K, committed 12032K, reserved 1048576K
}
Event: 39.136 GC heap before
{Heap before GC invocations=55 (full 0):
 garbage-first heap   total 235520K, used 158398K [0x0000000080000000, 0x0000000100000000)
  region size 1024K, 21 young (21504K), 2 survivors (2048K)
 Metaspace       used 90476K, committed 91136K, reserved 1130496K
  class space    used 12017K, committed 12352K, reserved 1048576K
}
Event: 39.144 GC heap after
{Heap after GC invocations=56 (full 0):
 garbage-first heap   total 235520K, used 139722K [0x0000000080000000, 0x0000000100000000)
  region size 1024K, 3 young (3072K), 3 survivors (3072K)
 Metaspace       used 90476K, committed 91136K, reserved 1130496K
  class space    used 12017K, committed 12352K, reserved 1048576K
}
Event: 39.491 GC heap before
{Heap before GC invocations=56 (full 0):
 garbage-first heap   total 235520K, used 147914K [0x0000000080000000, 0x0000000100000000)
  region size 1024K, 11 young (11264K), 3 survivors (3072K)
 Metaspace       used 91823K, committed 92608K, reserved 1130496K
  class space    used 12245K, committed 12608K, reserved 1048576K
}
Event: 39.500 GC heap after
{Heap after GC invocations=57 (full 0):
 garbage-first heap   total 235520K, used 139502K [0x0000000080000000, 0x0000000100000000)
  region size 1024K, 1 young (1024K), 1 survivors (1024K)
 Metaspace       used 91823K, committed 92608K, reserved 1130496K
  class space    used 12245K, committed 12608K, reserved 1048576K
}
Event: 42.852 GC heap before
{Heap before GC invocations=57 (full 0):
 garbage-first heap   total 235520K, used 194798K [0x0000000080000000, 0x0000000100000000)
  region size 1024K, 55 young (56320K), 1 survivors (1024K)
 Metaspace       used 99349K, committed 100032K, reserved 1138688K
  class space    used 13268K, committed 13568K, reserved 1048576K
}
Event: 42.867 GC heap after
{Heap after GC invocations=58 (full 0):
 garbage-first heap   total 235520K, used 143900K [0x0000000080000000, 0x0000000100000000)
  region size 1024K, 6 young (6144K), 6 survivors (6144K)
 Metaspace       used 99349K, committed 100032K, reserved 1138688K
  class space    used 13268K, committed 13568K, reserved 1048576K
}
Event: 45.381 GC heap before
{Heap before GC invocations=59 (full 0):
 garbage-first heap   total 247808K, used 192028K [0x0000000080000000, 0x0000000100000000)
  region size 1024K, 54 young (55296K), 6 survivors (6144K)
 Metaspace       used 100490K, committed 101248K, reserved 1138688K
  class space    used 13356K, committed 13696K, reserved 1048576K
}
Event: 45.399 GC heap after
{Heap after GC invocations=60 (full 0):
 garbage-first heap   total 247808K, used 148538K [0x0000000080000000, 0x0000000100000000)
  region size 1024K, 5 young (5120K), 5 survivors (5120K)
 Metaspace       used 100490K, committed 101248K, reserved 1138688K
  class space    used 13356K, committed 13696K, reserved 1048576K
}
Event: 45.719 GC heap before
{Heap before GC invocations=60 (full 0):
 garbage-first heap   total 247808K, used 154682K [0x0000000080000000, 0x0000000100000000)
  region size 1024K, 12 young (12288K), 5 survivors (5120K)
 Metaspace       used 100632K, committed 101376K, reserved 1138688K
  class space    used 13368K, committed 13696K, reserved 1048576K
}
Event: 45.727 GC heap after
{Heap after GC invocations=61 (full 0):
 garbage-first heap   total 247808K, used 148666K [0x0000000080000000, 0x0000000100000000)
  region size 1024K, 1 young (1024K), 1 survivors (1024K)
 Metaspace       used 100632K, committed 101376K, reserved 1138688K
  class space    used 13368K, committed 13696K, reserved 1048576K
}
Event: 48.211 GC heap before
{Heap before GC invocations=61 (full 0):
 garbage-first heap   total 247808K, used 203962K [0x0000000080000000, 0x0000000100000000)
  region size 1024K, 56 young (57344K), 1 survivors (1024K)
 Metaspace       used 104806K, committed 105600K, reserved 1146880K
  class space    used 13915K, committed 14272K, reserved 1048576K
}
Event: 48.223 GC heap after
{Heap after GC invocations=62 (full 0):
 garbage-first heap   total 247808K, used 151967K [0x0000000080000000, 0x0000000100000000)
  region size 1024K, 5 young (5120K), 5 survivors (5120K)
 Metaspace       used 104806K, committed 105600K, reserved 1146880K
  class space    used 13915K, committed 14272K, reserved 1048576K
}

Dll operation events (2 events):
Event: 0.012 Loaded shared library C:\Program Files\Android\Android Studio\jbr\bin\java.dll
Event: 1.795 Loaded shared library C:\Program Files\Android\Android Studio\jbr\bin\verify.dll

Deoptimization events (20 events):
Event: 47.143 Thread 0x000001d8cd99e110 Uncommon trap: trap_request=0xffffffde fr.pc=0x000001d8be4bb17c relative=0x000000000000033c
Event: 47.143 Thread 0x000001d8cd99e110 Uncommon trap: reason=class_check action=maybe_recompile pc=0x000001d8be4bb17c method=org.gradle.internal.component.local.model.DefaultLocalComponentMetadata$DefaultLocalConfigurationMetadata.include(Lorg/gradle/internal/component/local/model/DefaultLocal
Event: 47.143 Thread 0x000001d8cd99e110 DEOPT PACKING pc=0x000001d8be4bb17c sp=0x0000008dcbef7c90
Event: 47.143 Thread 0x000001d8cd99e110 DEOPT UNPACKING pc=0x000001d8bd9669a3 sp=0x0000008dcbef7c48 mode 2
Event: 47.143 Thread 0x000001d8cd99e110 Uncommon trap: trap_request=0xffffffde fr.pc=0x000001d8be4bb17c relative=0x000000000000033c
Event: 47.143 Thread 0x000001d8cd99e110 Uncommon trap: reason=class_check action=maybe_recompile pc=0x000001d8be4bb17c method=org.gradle.internal.component.local.model.DefaultLocalComponentMetadata$DefaultLocalConfigurationMetadata.include(Lorg/gradle/internal/component/local/model/DefaultLocal
Event: 47.143 Thread 0x000001d8cd99e110 DEOPT PACKING pc=0x000001d8be4bb17c sp=0x0000008dcbef7c90
Event: 47.143 Thread 0x000001d8cd99e110 DEOPT UNPACKING pc=0x000001d8bd9669a3 sp=0x0000008dcbef7c48 mode 2
Event: 47.143 Thread 0x000001d8cd99e110 Uncommon trap: trap_request=0xffffffde fr.pc=0x000001d8be4bb17c relative=0x000000000000033c
Event: 47.143 Thread 0x000001d8cd99e110 Uncommon trap: reason=class_check action=maybe_recompile pc=0x000001d8be4bb17c method=org.gradle.internal.component.local.model.DefaultLocalComponentMetadata$DefaultLocalConfigurationMetadata.include(Lorg/gradle/internal/component/local/model/DefaultLocal
Event: 47.143 Thread 0x000001d8cd99e110 DEOPT PACKING pc=0x000001d8be4bb17c sp=0x0000008dcbef7c90
Event: 47.143 Thread 0x000001d8cd99e110 DEOPT UNPACKING pc=0x000001d8bd9669a3 sp=0x0000008dcbef7c48 mode 2
Event: 47.166 Thread 0x000001d8ce237fc0 Uncommon trap: trap_request=0xfffffff4 fr.pc=0x000001d8be4b8bdc relative=0x0000000000000a7c
Event: 47.166 Thread 0x000001d8ce237fc0 Uncommon trap: reason=null_check action=make_not_entrant pc=0x000001d8be4b8bdc method=org.gradle.tooling.internal.provider.runner.ClientBuildEventGenerator$Enabled.accept(Lorg/gradle/internal/operations/BuildOperationDescriptor;)Lorg/gradle/tooling/intern
Event: 47.168 Thread 0x000001d8ce237fc0 DEOPT PACKING pc=0x000001d8be4b8bdc sp=0x0000008dcfafe900
Event: 47.168 Thread 0x000001d8ce237fc0 DEOPT UNPACKING pc=0x000001d8bd9669a3 sp=0x0000008dcfafe838 mode 2
Event: 47.803 Thread 0x000001d8cd99e110 Uncommon trap: trap_request=0xffffff45 fr.pc=0x000001d8be217960 relative=0x0000000000000a00
Event: 47.823 Thread 0x000001d8cd99e110 Uncommon trap: reason=unstable_if action=reinterpret pc=0x000001d8be217960 method=java.util.jar.JarFile.getVersionedEntry(Ljava/lang/String;Ljava/util/jar/JarEntry;)Ljava/util/jar/JarEntry; @ 26 c2
Event: 47.823 Thread 0x000001d8cd99e110 DEOPT PACKING pc=0x000001d8be217960 sp=0x0000008dcbef57b0
Event: 47.823 Thread 0x000001d8cd99e110 DEOPT UNPACKING pc=0x000001d8bd9669a3 sp=0x0000008dcbef5770 mode 2

Classes unloaded (0 events):
No events

Classes redefined (0 events):
No events

Internal exceptions (20 events):
Event: 39.360 Thread 0x000001d8cd99e110 Exception <a 'java/lang/NullPointerException'{0x000000008e04a168}> (0x000000008e04a168) 
thrown [s\src\hotspot\share\interpreter\linkResolver.cpp, line 1447]
Event: 39.573 Thread 0x000001d8cd99e110 Implicit null exception at 0x000001d8be259d10 to 0x000001d8be25bd80
Event: 40.309 Thread 0x000001d8cd99e110 Exception <a 'sun/nio/fs/WindowsException'{0x000000008dabf2c8}> (0x000000008dabf2c8) 
thrown [s\src\hotspot\share\prims\jni.cpp, line 517]
Event: 40.309 Thread 0x000001d8cd99e110 Exception <a 'sun/nio/fs/WindowsException'{0x000000008dac0670}> (0x000000008dac0670) 
thrown [s\src\hotspot\share\prims\jni.cpp, line 517]
Event: 40.310 Thread 0x000001d8cd99e110 Exception <a 'sun/nio/fs/WindowsException'{0x000000008dac1a68}> (0x000000008dac1a68) 
thrown [s\src\hotspot\share\prims\jni.cpp, line 517]
Event: 40.310 Thread 0x000001d8cd99e110 Exception <a 'sun/nio/fs/WindowsException'{0x000000008dac2e60}> (0x000000008dac2e60) 
thrown [s\src\hotspot\share\prims\jni.cpp, line 517]
Event: 41.173 Thread 0x000001d8cd99e110 Exception <a 'java/lang/NoSuchMethodError'{0x000000008caed860}: 'java.lang.Object java.lang.invoke.DirectMethodHandle$Holder.newInvokeSpecial(java.lang.Object, java.lang.Object, java.lang.Object, java.lang.Object, int, java.lang.Object)'> (0x000000008caed860) 
thrown [s\src\hotspot\share\interpreter\linkResolver.cpp, line 771]
Event: 41.174 Thread 0x000001d8cd99e110 Exception <a 'java/lang/NoSuchMethodError'{0x000000008caf28c8}: 'java.lang.Object java.lang.invoke.Invokers$Holder.linkToTargetMethod(java.lang.Object, java.lang.Object, java.lang.Object, int, java.lang.Object, java.lang.Object)'> (0x000000008caf28c8) 
thrown [s\src\hotspot\share\interpreter\linkResolver.cpp, line 771]
Event: 41.308 Thread 0x000001d8cd99e110 Exception <a 'java/lang/IncompatibleClassChangeError'{0x000000008c9e0540}: Found class java.lang.Object, but interface was expected> (0x000000008c9e0540) 
thrown [s\src\hotspot\share\interpreter\linkResolver.cpp, line 838]
Event: 41.376 Thread 0x000001d8cffe0e90 Exception <a 'java/lang/IncompatibleClassChangeError'{0x000000008c780928}: Found class java.lang.Object, but interface was expected> (0x000000008c780928) 
thrown [s\src\hotspot\share\interpreter\linkResolver.cpp, line 838]
Event: 41.414 Thread 0x000001d8cffe0e90 Exception <a 'java/lang/NoSuchMethodError'{0x000000008c676fe0}: 'int java.lang.invoke.DirectMethodHandle$Holder.invokeStaticInit(java.lang.Object, java.lang.Object, java.lang.Object, java.lang.Object, java.lang.Object)'> (0x000000008c676fe0) 
thrown [s\src\hotspot\share\interpreter\linkResolver.cpp, line 771]
Event: 41.467 Thread 0x000001d8cd99e110 Exception <a 'java/lang/NoSuchMethodError'{0x000000008c53f3b8}: 'int java.lang.invoke.DirectMethodHandle$Holder.invokeSpecialIFC(java.lang.Object, java.lang.Object, java.lang.Object)'> (0x000000008c53f3b8) 
thrown [s\src\hotspot\share\interpreter\linkResolver.cpp, line 771]
Event: 41.629 Thread 0x000001d8cd99e110 Exception <a 'java/lang/NoSuchMethodError'{0x000000008c291308}: 'void java.lang.invoke.DirectMethodHandle$Holder.invokeSpecial(java.lang.Object, java.lang.Object, java.lang.Object, java.lang.Object, int, java.lang.Object, java.lang.Object)'> (0x000000008c291308) 
thrown [s\src\hotspot\share\interpreter\linkResolver.cpp, line 771]
Event: 43.382 Thread 0x000001d8cd99e110 Implicit null exception at 0x000001d8bdf8f4db to 0x000001d8bdf8f564
Event: 43.389 Thread 0x000001d8cffe1830 Exception <a 'java/lang/NoSuchMethodError'{0x000000008efa2c20}: 'java.lang.Object java.lang.invoke.DirectMethodHandle$Holder.invokeSpecialIFC(java.lang.Object, java.lang.Object, java.lang.Object)'> (0x000000008efa2c20) 
thrown [s\src\hotspot\share\interpreter\linkResolver.cpp, line 771]
Event: 43.390 Thread 0x000001d8cffe1d00 Exception <a 'java/lang/NoSuchMethodError'{0x000000008ef86cc0}: 'java.lang.Object java.lang.invoke.DirectMethodHandle$Holder.invokeSpecialIFC(java.lang.Object, java.lang.Object, java.lang.Object)'> (0x000000008ef86cc0) 
thrown [s\src\hotspot\share\interpreter\linkResolver.cpp, line 771]
Event: 45.462 Thread 0x000001d8cd99e110 Exception <a 'java/lang/NoSuchMethodError'{0x000000008f15c998}: 'java.lang.Object java.lang.invoke.DirectMethodHandle$Holder.invokeSpecial(java.lang.Object, java.lang.Object, java.lang.Object, java.lang.Object, java.lang.Object, java.lang.Object, java.lang.Object, java.lang.Object, java.lang.Object, java.lang.Object)'> (0x000000008f15c998) 
thrown [s\src\hotspot\share\interpreter\linkResolver.cpp, line 771]
Event: 45.463 Thread 0x000001d8cd99e110 Exception <a 'java/lang/NoSuchMethodError'{0x000000008f168ef0}: 'java.lang.Object java.lang.invoke.DirectMethodHandle$Holder.newInvokeSpecial(java.lang.Object, java.lang.Object, java.lang.Object, java.lang.Object, java.lang.Object, java.lang.Object, java.lang.Object, java.lang.Object, java.lang.Object)'> (0x000000008f168ef0) 
thrown [s\src\hotspot\share\interpreter\linkResolver.cpp, line 771]
Event: 45.463 Thread 0x000001d8cd99e110 Exception <a 'java/lang/NoSuchMethodError'{0x000000008f16ebc8}: 'java.lang.Object java.lang.invoke.Invokers$Holder.linkToTargetMethod(java.lang.Object, java.lang.Object, java.lang.Object, java.lang.Object, java.lang.Object, java.lang.Object, java.lang.Object, java.lang.Object, java.lang.Object)'> (0x000000008f16ebc8) 
thrown [s\src\hotspot\share\interpreter\linkResolver.cpp, line 771]
Event: 47.166 Thread 0x000001d8ce237fc0 Implicit null exception at 0x000001d8be4b8485 to 0x000001d8be4b8bc0

VM Operations (20 events):
Event: 43.229 Executing VM operation: G1Concurrent
Event: 43.231 Executing VM operation: G1Concurrent done
Event: 43.465 Executing VM operation: ICBufferFull
Event: 43.465 Executing VM operation: ICBufferFull done
Event: 44.239 Executing VM operation: ICBufferFull
Event: 44.239 Executing VM operation: ICBufferFull done
Event: 44.875 Executing VM operation: ICBufferFull
Event: 44.875 Executing VM operation: ICBufferFull done
Event: 45.137 Executing VM operation: ICBufferFull
Event: 45.138 Executing VM operation: ICBufferFull done
Event: 45.196 Executing VM operation: HandshakeAllThreads
Event: 45.196 Executing VM operation: HandshakeAllThreads done
Event: 45.381 Executing VM operation: G1CollectForAllocation
Event: 45.399 Executing VM operation: G1CollectForAllocation done
Event: 45.718 Executing VM operation: G1CollectForAllocation
Event: 45.728 Executing VM operation: G1CollectForAllocation done
Event: 46.478 Executing VM operation: ICBufferFull
Event: 46.478 Executing VM operation: ICBufferFull done
Event: 48.211 Executing VM operation: G1CollectForAllocation
Event: 48.223 Executing VM operation: G1CollectForAllocation done

Events (20 events):
Event: 41.756 loading class com/sun/xml/internal/stream/events/NamespaceImpl
Event: 41.756 loading class javax/xml/stream/events/Namespace
Event: 41.756 loading class javax/xml/stream/events/Attribute
Event: 41.756 loading class javax/xml/stream/events/Attribute done
Event: 41.756 loading class javax/xml/stream/events/Namespace done
Event: 41.756 loading class com/sun/xml/internal/stream/events/AttributeImpl
Event: 41.756 loading class com/sun/xml/internal/stream/events/AttributeImpl done
Event: 41.756 loading class com/sun/xml/internal/stream/events/NamespaceImpl done
Event: 41.756 loading class com/sun/org/apache/xerces/internal/util/NamespaceSupport$Prefixes
Event: 41.756 loading class com/sun/org/apache/xerces/internal/util/NamespaceSupport$Prefixes done
Event: 41.757 loading class com/sun/xml/internal/stream/events/CharacterEvent
Event: 41.757 loading class javax/xml/stream/events/Characters
Event: 41.757 loading class javax/xml/stream/events/Characters done
Event: 41.757 loading class com/sun/xml/internal/stream/events/CharacterEvent done
Event: 41.758 loading class com/sun/xml/internal/stream/events/EndElementEvent
Event: 41.758 loading class javax/xml/stream/events/EndElement
Event: 41.758 loading class javax/xml/stream/events/EndElement done
Event: 41.759 loading class com/sun/xml/internal/stream/events/EndElementEvent done
Event: 46.125 loading class java/util/zip/ZipOutputStream
Event: 46.126 loading class java/util/zip/ZipOutputStream done


Dynamic libraries:
0x00007ff6cf600000 - 0x00007ff6cf60a000 	C:\Program Files\Android\Android Studio\jbr\bin\java.exe
0x00007ff99a9d0000 - 0x00007ff99abc8000 	C:\WINDOWS\SYSTEM32\ntdll.dll
0x00007ff99a5e0000 - 0x00007ff99a69f000 	C:\WINDOWS\System32\KERNEL32.DLL
0x00007ff998120000 - 0x00007ff998416000 	C:\WINDOWS\System32\KERNELBASE.dll
0x00007ff998810000 - 0x00007ff998910000 	C:\WINDOWS\System32\ucrtbase.dll
0x00007ff97d040000 - 0x00007ff97d057000 	C:\Program Files\Android\Android Studio\jbr\bin\jli.dll
0x00007ff98faf0000 - 0x00007ff98fb0b000 	C:\Program Files\Android\Android Studio\jbr\bin\VCRUNTIME140.dll
0x00007ff999720000 - 0x00007ff9998bd000 	C:\WINDOWS\System32\USER32.dll
0x00007ff998960000 - 0x00007ff998982000 	C:\WINDOWS\System32\win32u.dll
0x00007ff998ad0000 - 0x00007ff998afc000 	C:\WINDOWS\System32\GDI32.dll
0x00007ff9984d0000 - 0x00007ff9985e5000 	C:\WINDOWS\System32\gdi32full.dll
0x00007ff998990000 - 0x00007ff998a2d000 	C:\WINDOWS\System32\msvcp_win.dll
0x00007ff989040000 - 0x00007ff9892da000 	C:\WINDOWS\WinSxS\amd64_microsoft.windows.common-controls_6595b64144ccf1df_6.0.19041.1110_none_60b5254171f9507e\COMCTL32.dll
0x00007ff998b00000 - 0x00007ff998b9e000 	C:\WINDOWS\System32\msvcrt.dll
0x00007ff998fa0000 - 0x00007ff998fd0000 	C:\WINDOWS\System32\IMM32.DLL
0x00007ff990f50000 - 0x00007ff990f5c000 	C:\Program Files\Android\Android Studio\jbr\bin\vcruntime140_1.dll
0x00007ff97bf60000 - 0x00007ff97bfed000 	C:\Program Files\Android\Android Studio\jbr\bin\msvcp140.dll
0x00007ff9633c0000 - 0x00007ff96402e000 	C:\Program Files\Android\Android Studio\jbr\bin\server\jvm.dll
0x00007ff998d20000 - 0x00007ff998dcf000 	C:\WINDOWS\System32\ADVAPI32.dll
0x00007ff998a30000 - 0x00007ff998acc000 	C:\WINDOWS\System32\sechost.dll
0x00007ff99a860000 - 0x00007ff99a986000 	C:\WINDOWS\System32\RPCRT4.dll
0x00007ff990fe0000 - 0x00007ff990fe9000 	C:\WINDOWS\SYSTEM32\WSOCK32.dll
0x00007ff99a570000 - 0x00007ff99a5db000 	C:\WINDOWS\System32\WS2_32.dll
0x00007ff987060000 - 0x00007ff987087000 	C:\WINDOWS\SYSTEM32\WINMM.dll
0x00007ff98b1b0000 - 0x00007ff98b1ba000 	C:\WINDOWS\SYSTEM32\VERSION.dll
0x00007ff995c60000 - 0x00007ff995c72000 	C:\WINDOWS\SYSTEM32\kernel.appcore.dll
0x00007ff990fd0000 - 0x00007ff990fda000 	C:\Program Files\Android\Android Studio\jbr\bin\jimage.dll
0x00007ff986b20000 - 0x00007ff986d04000 	C:\WINDOWS\SYSTEM32\DBGHELP.DLL
0x00007ff9869f0000 - 0x00007ff986a24000 	C:\WINDOWS\SYSTEM32\dbgcore.DLL
0x00007ff998750000 - 0x00007ff9987d2000 	C:\WINDOWS\System32\bcryptPrimitives.dll
0x00007ff989fb0000 - 0x00007ff989fd5000 	C:\Program Files\Android\Android Studio\jbr\bin\java.dll
0x00007ff990fb0000 - 0x00007ff990fc8000 	C:\Program Files\Android\Android Studio\jbr\bin\zip.dll
0x00007ff9999b0000 - 0x00007ff99a0f4000 	C:\WINDOWS\System32\SHELL32.dll
0x00007ff995e60000 - 0x00007ff9965f3000 	C:\WINDOWS\SYSTEM32\windows.storage.dll
0x00007ff998ff0000 - 0x00007ff999344000 	C:\WINDOWS\System32\combase.dll
0x00007ff997a20000 - 0x00007ff997a4e000 	C:\WINDOWS\SYSTEM32\Wldp.dll
0x00007ff999670000 - 0x00007ff99971d000 	C:\WINDOWS\System32\SHCORE.dll
0x00007ff999940000 - 0x00007ff999995000 	C:\WINDOWS\System32\shlwapi.dll
0x00007ff997fe0000 - 0x00007ff998005000 	C:\WINDOWS\SYSTEM32\profapi.dll
0x00007ff990270000 - 0x00007ff990289000 	C:\Program Files\Android\Android Studio\jbr\bin\net.dll
0x00007ff997010000 - 0x00007ff99711a000 	C:\WINDOWS\SYSTEM32\WINHTTP.dll
0x00007ff997780000 - 0x00007ff9977ea000 	C:\WINDOWS\system32\mswsock.dll
0x00007ff97d110000 - 0x00007ff97d126000 	C:\Program Files\Android\Android Studio\jbr\bin\nio.dll
0x00007ff98fd50000 - 0x00007ff98fd60000 	C:\Program Files\Android\Android Studio\jbr\bin\verify.dll
0x00007ff990f60000 - 0x00007ff990f87000 	C:\Users\AMohammed1651\.gradle\native\68d5fa5c4cc2d200863cafc0d521ce42e7d3e7ee720ec0a83991735586a16f82\windows-amd64\native-platform.dll
0x00007ff977ef0000 - 0x00007ff978034000 	C:\Users\AMohammed1651\.gradle\native\e376f236ea51e6404a007f0833ffe2c6e607c4080706a723a18a27aeea778392\windows-amd64\native-platform-file-events.dll
0x00007ff98d400000 - 0x00007ff98d409000 	C:\Program Files\Android\Android Studio\jbr\bin\management.dll
0x00007ff98c4d0000 - 0x00007ff98c4db000 	C:\Program Files\Android\Android Studio\jbr\bin\management_ext.dll
0x00007ff9999a0000 - 0x00007ff9999a8000 	C:\WINDOWS\System32\PSAPI.DLL
0x00007ff997980000 - 0x00007ff997998000 	C:\WINDOWS\SYSTEM32\CRYPTSP.dll
0x00007ff996f80000 - 0x00007ff996fb4000 	C:\WINDOWS\system32\rsaenh.dll
0x00007ff9987e0000 - 0x00007ff998807000 	C:\WINDOWS\System32\bcrypt.dll
0x00007ff997f60000 - 0x00007ff997f8e000 	C:\WINDOWS\SYSTEM32\USERENV.dll
0x00007ff997970000 - 0x00007ff99797c000 	C:\WINDOWS\SYSTEM32\CRYPTBASE.dll
0x00007ff997470000 - 0x00007ff9974ab000 	C:\WINDOWS\SYSTEM32\IPHLPAPI.DLL
0x00007ff99a850000 - 0x00007ff99a858000 	C:\WINDOWS\System32\NSI.dll
0x00007ff98fab0000 - 0x00007ff98fac7000 	C:\WINDOWS\SYSTEM32\dhcpcsvc6.DLL
0x00007ff990f00000 - 0x00007ff990f1d000 	C:\WINDOWS\SYSTEM32\dhcpcsvc.DLL
0x00007ff9974b0000 - 0x00007ff99757a000 	C:\WINDOWS\SYSTEM32\DNSAPI.dll
0x00007ff98c2f0000 - 0x00007ff98c2f7000 	C:\WINDOWS\system32\wshunix.dll

dbghelp: loaded successfully - version: 4.0.5 - missing functions: none
symbol engine: initialized successfully - sym options: 0x614 - pdb path: .;C:\Program Files\Android\Android Studio\jbr\bin;C:\WINDOWS\SYSTEM32;C:\WINDOWS\WinSxS\amd64_microsoft.windows.common-controls_6595b64144ccf1df_6.0.19041.1110_none_60b5254171f9507e;C:\Program Files\Android\Android Studio\jbr\bin\server;C:\Users\AMohammed1651\.gradle\native\68d5fa5c4cc2d200863cafc0d521ce42e7d3e7ee720ec0a83991735586a16f82\windows-amd64;C:\Users\AMohammed1651\.gradle\native\e376f236ea51e6404a007f0833ffe2c6e607c4080706a723a18a27aeea778392\windows-amd64

VM Arguments:
jvm_args: --add-opens=java.base/java.util=ALL-UNNAMED --add-opens=java.base/java.lang=ALL-UNNAMED --add-opens=java.base/java.lang.invoke=ALL-UNNAMED --add-opens=java.prefs/java.util.prefs=ALL-UNNAMED --add-opens=java.base/java.nio.charset=ALL-UNNAMED --add-opens=java.base/java.net=ALL-UNNAMED --add-opens=java.base/java.util.concurrent.atomic=ALL-UNNAMED -Xmx2048m -Dfile.encoding=UTF-8 -Duser.country=US -Duser.language=en -Duser.variant 
java_command: org.gradle.launcher.daemon.bootstrap.GradleDaemon 8.0
java_class_path (initial): C:\Users\AMohammed1651\.gradle\wrapper\dists\gradle-8.0-bin\ca5e32bp14vu59qr306oxotwh\gradle-8.0\lib\gradle-launcher-8.0.jar
Launcher Type: SUN_STANDARD

[Global flags]
     intx CICompilerCount                          = 3                                         {product} {ergonomic}
     uint ConcGCThreads                            = 1                                         {product} {ergonomic}
     uint G1ConcRefinementThreads                  = 4                                         {product} {ergonomic}
   size_t G1HeapRegionSize                         = 1048576                                   {product} {ergonomic}
    uintx GCDrainStackTargetSize                   = 64                                        {product} {ergonomic}
   size_t InitialHeapSize                          = 134217728                                 {product} {ergonomic}
   size_t MarkStackSize                            = 4194304                                   {product} {ergonomic}
   size_t MaxHeapSize                              = 2147483648                                {product} {command line}
   size_t MaxNewSize                               = 1287651328                                {product} {ergonomic}
   size_t MinHeapDeltaBytes                        = 1048576                                   {product} {ergonomic}
   size_t MinHeapSize                              = 8388608                                   {product} {ergonomic}
    uintx NonNMethodCodeHeapSize                   = 5832780                                {pd product} {ergonomic}
    uintx NonProfiledCodeHeapSize                  = 122912730                              {pd product} {ergonomic}
    uintx ProfiledCodeHeapSize                     = 122912730                              {pd product} {ergonomic}
    uintx ReservedCodeCacheSize                    = 251658240                              {pd product} {ergonomic}
     bool SegmentedCodeCache                       = true                                      {product} {ergonomic}
   size_t SoftMaxHeapSize                          = 2147483648                             {manageable} {ergonomic}
     bool UseCompressedClassPointers               = true                           {product lp64_product} {ergonomic}
     bool UseCompressedOops                        = true                           {product lp64_product} {ergonomic}
     bool UseG1GC                                  = true                                      {product} {ergonomic}
     bool UseLargePagesIndividualAllocation        = false                                  {pd product} {ergonomic}

Logging:
Log output configuration:
 #0: stdout all=warning uptime,level,tags
 #1: stderr all=off uptime,level,tags

Environment Variables:
PATH=C:\WINDOWS\system32;C:\WINDOWS;C:\WINDOWS\System32\Wbem;C:\WINDOWS\System32\WindowsPowerShell\v1.0\;C:\WINDOWS\System32\OpenSSH\;C:\Program Files\Microsoft SQL Server\150\Tools\Binn\;C:\Program Files\Microsoft SQL Server\Client SDK\ODBC\170\Tools\Binn\;C:\Program Files\dotnet\;C:\Program Files (x86)\Microsoft SQL Server\160\Tools\Binn\;C:\Program Files\Microsoft SQL Server\160\Tools\Binn\;C:\Program Files\Microsoft SQL Server\160\DTS\Binn\;C:\Program Files (x86)\Microsoft SQL Server\160\DTS\Binn\;C:\Program Files\Azure Data Studio\bin;C:\Program Files\Microsoft SQL Server\140\DTS\Binn\;C:\Program Files\Microsoft SQL Server\150\DTS\Binn\;C:\Program Files\Git\cmd;C:\flutter_windows_3.10.0-stable\flutter\bin;C:\Users\AMohammed1651\.cargo\bin;C:\Users\AMohammed1651\AppData\Local\Microsoft\WindowsApps;C:\Users\AMohammed1651\.dotnet\tools;C:\Program Files\Azure Data Studio\bin;C:\Users\AMohammed1651\AppData\Local\Programs\Microsoft VS Code\bin;C:\Users\AMohammed1651\AppData\Local\GitHubDesktop\bin
USERNAME=AMohammed1651
OS=Windows_NT
PROCESSOR_IDENTIFIER=Intel64 Family 6 Model 58 Stepping 9, GenuineIntel
TMP=C:\Users\AMOHAM~1\AppData\Local\Temp
TEMP=C:\Users\AMOHAM~1\AppData\Local\Temp


JNI global refs:
JNI global refs: 26, weak refs: 9

JNI global refs memory usage: 843, weak refs: 841


---------------  S Y S T E M  ---------------

OS:
 Windows 10 , 64 bit Build 19041 (10.0.19041.3155)
OS uptime: 6 days 22:43 hours

CPU: total 4 (initial active 4) (2 cores per cpu, 2 threads per core) family 6 model 58 stepping 9 microcode 0x21, cx8, cmov, fxsr, ht, mmx, sse, sse2, sse3, ssse3, sse4.1, sse4.2, popcnt, tsc, tscinvbit, avx, erms, clmul, vzeroupper, clflush

Memory: 4k page, system-wide physical 8083M (1396M free)
TotalPageFile size 15251M (AvailPageFile size 7769M)
current process WorkingSet (physical memory assigned to process): 570M, peak: 570M
current process commit charge ("private bytes"): 600M, peak: 600M

vm_info: OpenJDK 64-Bit Server VM (17.0.6+0-b2043.56-10027231) for windows-amd64 JRE (17.0.6+0-b2043.56-10027231), built on Apr 28 2023 00:43:19 by "androidbuild" with MS VC++ 16.10 / 16.11 (VS2019)

END.
